<?xml version="1.0" encoding="UTF-8"?>
<testsuite name="com.pylon.FlyawayApplicationTest" tests="1" skipped="0" failures="0" errors="0" timestamp="2015-04-21T07:28:45" hostname="simon-ui-MacBook-Pro.local" time="0.003">
  <properties/>
  <testcase name="contextLoads" classname="com.pylon.FlyawayApplicationTest" time="0.003"/>
  <system-out><![CDATA[16:28:40.292 [Test worker] DEBUG o.s.t.c.j.SpringJUnit4ClassRunner - SpringJUnit4ClassRunner constructor called with [class com.pylon.FlyawayApplicationTest].
16:28:40.310 [Test worker] DEBUG o.s.test.context.BootstrapUtils - Instantiating TestContextBootstrapper from class [org.springframework.test.context.web.WebTestContextBootstrapper]
16:28:40.330 [Test worker] DEBUG o.s.t.c.w.WebTestContextBootstrapper - Found explicit ContextLoader class [org.springframework.boot.test.SpringApplicationContextLoader] for context configuration attributes [ContextConfigurationAttributes@47b1ee4 declaringClass = 'com.pylon.FlyawayApplicationTest', classes = '{class com.pylon.VaultApplication}', locations = '{}', inheritLocations = true, initializers = '{}', inheritInitializers = true, name = [null], contextLoaderClass = 'org.springframework.boot.test.SpringApplicationContextLoader']
16:28:40.338 [Test worker] DEBUG o.s.t.c.support.ActiveProfilesUtils - Could not find an 'annotation declaring class' for annotation type [org.springframework.test.context.ActiveProfiles] and class [com.pylon.FlyawayApplicationTest]
16:28:40.343 [Test worker] DEBUG o.s.t.c.w.WebTestContextBootstrapper - @TestExecutionListeners is not present for class [com.pylon.FlyawayApplicationTest]: using defaults.
16:28:40.353 [Test worker] INFO  o.s.t.c.w.WebTestContextBootstrapper - Loaded default TestExecutionListener class names from location [META-INF/spring.factories]: [org.springframework.test.context.web.ServletTestExecutionListener, org.springframework.test.context.support.DependencyInjectionTestExecutionListener, org.springframework.test.context.support.DirtiesContextTestExecutionListener, org.springframework.test.context.transaction.TransactionalTestExecutionListener, org.springframework.test.context.jdbc.SqlScriptsTestExecutionListener]
16:28:40.371 [Test worker] INFO  o.s.t.c.w.WebTestContextBootstrapper - Using TestExecutionListeners: [org.springframework.test.context.web.ServletTestExecutionListener@20d23941, org.springframework.test.context.support.DependencyInjectionTestExecutionListener@49aceb3c, org.springframework.test.context.support.DirtiesContextTestExecutionListener@7787d5ed, org.springframework.test.context.transaction.TransactionalTestExecutionListener@76edf7e9, org.springframework.test.context.jdbc.SqlScriptsTestExecutionListener@12f1eff]
16:28:40.373 [Test worker] DEBUG o.s.t.annotation.ProfileValueUtils - Retrieved @ProfileValueSourceConfiguration [null] for test class [com.pylon.FlyawayApplicationTest]
16:28:40.374 [Test worker] DEBUG o.s.t.annotation.ProfileValueUtils - Retrieved ProfileValueSource type [class org.springframework.test.annotation.SystemProfileValueSource] for class [com.pylon.FlyawayApplicationTest]
16:28:40.377 [Test worker] DEBUG o.s.t.annotation.ProfileValueUtils - Retrieved @ProfileValueSourceConfiguration [null] for test class [com.pylon.FlyawayApplicationTest]
16:28:40.377 [Test worker] DEBUG o.s.t.annotation.ProfileValueUtils - Retrieved ProfileValueSource type [class org.springframework.test.annotation.SystemProfileValueSource] for class [com.pylon.FlyawayApplicationTest]
16:28:40.378 [Test worker] DEBUG o.s.t.annotation.ProfileValueUtils - Retrieved @ProfileValueSourceConfiguration [null] for test class [com.pylon.FlyawayApplicationTest]
16:28:40.378 [Test worker] DEBUG o.s.t.annotation.ProfileValueUtils - Retrieved ProfileValueSource type [class org.springframework.test.annotation.SystemProfileValueSource] for class [com.pylon.FlyawayApplicationTest]
16:28:40.380 [Test worker] DEBUG o.s.t.annotation.ProfileValueUtils - Retrieved @ProfileValueSourceConfiguration [null] for test class [com.pylon.FlyawayApplicationTest]
16:28:40.380 [Test worker] DEBUG o.s.t.annotation.ProfileValueUtils - Retrieved ProfileValueSource type [class org.springframework.test.annotation.SystemProfileValueSource] for class [com.pylon.FlyawayApplicationTest]
16:28:40.467 [Test worker] DEBUG o.s.core.env.StandardEnvironment - Adding [systemProperties] PropertySource with lowest search precedence
16:28:40.468 [Test worker] DEBUG o.s.core.env.StandardEnvironment - Adding [systemEnvironment] PropertySource with lowest search precedence
16:28:40.468 [Test worker] DEBUG o.s.core.env.StandardEnvironment - Initialized StandardEnvironment with PropertySources [systemProperties,systemEnvironment]
16:28:40.470 [Test worker] DEBUG o.s.core.env.StandardEnvironment - Adding [integrationTest] PropertySource with search precedence immediately lower than [systemEnvironment]

  .   ____          _            __ _ _
 /\\ / ___'_ __ _ _(_)_ __  __ _ \ \ \ \
( ( )\___ | '_ | '_| | '_ \/ _` | \ \ \ \
 \\/  ___)| |_)| | | | | || (_| |  ) ) ) )
  '  |____| .__|_| |_|_| |_\__, | / / / /
 =========|_|==============|___/=/_/_/_/
 :: Spring Boot ::        (v1.2.3.RELEASE)

2015-04-21 16:28:41.252  INFO 6235 --- [    Test worker] o.s.boot.SpringApplication               : Starting application on simon-ui-MacBook-Pro.local with PID 6235 (/Users/simon/.gradle/caches/modules-2/files-2.1/org.springframework.boot/spring-boot/1.2.3.RELEASE/2601c81786dd8d88fd7e53af1a3950ef45fd5507/spring-boot-1.2.3.RELEASE.jar started by simon in /Users/simon/git-hub/spring-rest-template)
2015-04-21 16:28:41.311  INFO 6235 --- [    Test worker] o.s.w.c.s.GenericWebApplicationContext   : Refreshing org.springframework.web.context.support.GenericWebApplicationContext@3b3066b8: startup date [Tue Apr 21 16:28:41 KST 2015]; root of context hierarchy
2015-04-21 16:28:42.744  INFO 6235 --- [    Test worker] f.a.AutowiredAnnotationBeanPostProcessor : JSR-330 'javax.inject.Inject' annotation found and supported for autowiring
2015-04-21 16:28:42.896  INFO 6235 --- [    Test worker] trationDelegate$BeanPostProcessorChecker : Bean 'databaseConfiguration' of type [class com.pylon.configuration.DatabaseConfiguration$$EnhancerBySpringCGLIB$$ed510ed7] is not eligible for getting processed by all BeanPostProcessors (for example: not eligible for auto-proxying)
2015-04-21 16:28:42.919  INFO 6235 --- [    Test worker] o.s.j.d.e.EmbeddedDatabaseFactory        : Creating embedded database 'db_mango'
2015-04-21 16:28:43.036  INFO 6235 --- [    Test worker] trationDelegate$BeanPostProcessorChecker : Bean 'dataSource' of type [class org.springframework.jdbc.datasource.embedded.EmbeddedDatabaseFactory$EmbeddedDataSourceProxy] is not eligible for getting processed by all BeanPostProcessors (for example: not eligible for auto-proxying)
2015-04-21 16:28:43.181  INFO 6235 --- [    Test worker] trationDelegate$BeanPostProcessorChecker : Bean 'sqlSessionFactory' of type [class org.apache.ibatis.session.defaults.DefaultSqlSessionFactory] is not eligible for getting processed by all BeanPostProcessors (for example: not eligible for auto-proxying)
2015-04-21 16:28:43.198  INFO 6235 --- [    Test worker] trationDelegate$BeanPostProcessorChecker : Bean 'bookMapper' of type [class org.mybatis.spring.mapper.MapperFactoryBean] is not eligible for getting processed by all BeanPostProcessors (for example: not eligible for auto-proxying)
2015-04-21 16:28:43.216  INFO 6235 --- [    Test worker] trationDelegate$BeanPostProcessorChecker : Bean 'org.springframework.jms.annotation.JmsBootstrapConfiguration' of type [class org.springframework.jms.annotation.JmsBootstrapConfiguration$$EnhancerBySpringCGLIB$$fd9f130b] is not eligible for getting processed by all BeanPostProcessors (for example: not eligible for auto-proxying)
2015-04-21 16:28:43.266  INFO 6235 --- [    Test worker] trationDelegate$BeanPostProcessorChecker : Bean 'transactionManager' of type [class org.springframework.jdbc.datasource.DataSourceTransactionManager] is not eligible for getting processed by all BeanPostProcessors (for example: not eligible for auto-proxying)
2015-04-21 16:28:43.268  INFO 6235 --- [    Test worker] trationDelegate$BeanPostProcessorChecker : Bean 'org.springframework.transaction.annotation.ProxyTransactionManagementConfiguration' of type [class org.springframework.transaction.annotation.ProxyTransactionManagementConfiguration$$EnhancerBySpringCGLIB$$4f23c568] is not eligible for getting processed by all BeanPostProcessors (for example: not eligible for auto-proxying)
2015-04-21 16:28:43.278  INFO 6235 --- [    Test worker] trationDelegate$BeanPostProcessorChecker : Bean 'transactionAttributeSource' of type [class org.springframework.transaction.annotation.AnnotationTransactionAttributeSource] is not eligible for getting processed by all BeanPostProcessors (for example: not eligible for auto-proxying)
2015-04-21 16:28:43.284  INFO 6235 --- [    Test worker] trationDelegate$BeanPostProcessorChecker : Bean 'transactionInterceptor' of type [class org.springframework.transaction.interceptor.TransactionInterceptor] is not eligible for getting processed by all BeanPostProcessors (for example: not eligible for auto-proxying)
2015-04-21 16:28:43.288  INFO 6235 --- [    Test worker] trationDelegate$BeanPostProcessorChecker : Bean 'org.springframework.transaction.config.internalTransactionAdvisor' of type [class org.springframework.transaction.interceptor.BeanFactoryTransactionAttributeSourceAdvisor] is not eligible for getting processed by all BeanPostProcessors (for example: not eligible for auto-proxying)
2015-04-21 16:28:43.669  INFO 6235 --- [    Test worker] s.w.s.m.m.a.RequestMappingHandlerMapping : Mapped "{[/books/{id}],methods=[PUT],params=[],headers=[],consumes=[],produces=[],custom=[]}" onto public com.pylon.persistence.domain.Book com.pylon.restful.controller.BookController.updateBook(java.lang.Long,com.pylon.persistence.domain.Book)
2015-04-21 16:28:43.669  INFO 6235 --- [    Test worker] s.w.s.m.m.a.RequestMappingHandlerMapping : Mapped "{[/books/{id}],methods=[DELETE],params=[],headers=[],consumes=[],produces=[],custom=[]}" onto public com.pylon.persistence.domain.Book com.pylon.restful.controller.BookController.deleteBook(java.lang.Long)
2015-04-21 16:28:43.669  INFO 6235 --- [    Test worker] s.w.s.m.m.a.RequestMappingHandlerMapping : Mapped "{[/books],methods=[GET],params=[],headers=[],consumes=[],produces=[],custom=[]}" onto public org.springframework.hateoas.Resources<com.pylon.persistence.domain.BookResource> com.pylon.restful.controller.BookController.getBooks(org.springframework.ui.Model)
2015-04-21 16:28:43.670  INFO 6235 --- [    Test worker] s.w.s.m.m.a.RequestMappingHandlerMapping : Mapped "{[/books/{id}],methods=[GET],params=[],headers=[],consumes=[],produces=[],custom=[]}" onto public com.pylon.persistence.domain.BookResource com.pylon.restful.controller.BookController.getBook(java.lang.Long)
2015-04-21 16:28:43.670  INFO 6235 --- [    Test worker] s.w.s.m.m.a.RequestMappingHandlerMapping : Mapped "{[/books],methods=[POST],params=[],headers=[],consumes=[],produces=[],custom=[]}" onto public com.pylon.persistence.domain.Book com.pylon.restful.controller.BookController.createBook(com.pylon.persistence.domain.Book)
2015-04-21 16:28:43.677  INFO 6235 --- [    Test worker] s.w.s.m.m.a.RequestMappingHandlerMapping : Mapped "{[/error],methods=[],params=[],headers=[],consumes=[],produces=[],custom=[]}" onto public org.springframework.http.ResponseEntity<java.util.Map<java.lang.String, java.lang.Object>> org.springframework.boot.autoconfigure.web.BasicErrorController.error(javax.servlet.http.HttpServletRequest)
2015-04-21 16:28:43.678  INFO 6235 --- [    Test worker] s.w.s.m.m.a.RequestMappingHandlerMapping : Mapped "{[/error],methods=[],params=[],headers=[],consumes=[],produces=[text/html],custom=[]}" onto public org.springframework.web.servlet.ModelAndView org.springframework.boot.autoconfigure.web.BasicErrorController.errorHtml(javax.servlet.http.HttpServletRequest)
2015-04-21 16:28:43.939  INFO 6235 --- [    Test worker] o.s.oxm.jaxb.Jaxb2Marshaller             : Creating JAXBContext by scanning packages [com.pylon.*,org.springframework.hateoas]
2015-04-21 16:28:44.075  INFO 6235 --- [    Test worker] s.w.s.m.m.a.RequestMappingHandlerAdapter : Looking for @ControllerAdvice: org.springframework.web.context.support.GenericWebApplicationContext@3b3066b8: startup date [Tue Apr 21 16:28:41 KST 2015]; root of context hierarchy
2015-04-21 16:28:44.130  INFO 6235 --- [    Test worker] .m.m.a.ExceptionHandlerExceptionResolver : Detected @ExceptionHandler methods in restResponseEntityExceptionHandler
2015-04-21 16:28:44.653  INFO 6235 --- [    Test worker] o.s.b.a.e.mvc.EndpointHandlerMapping     : Mapped "{[/dump],methods=[GET],params=[],headers=[],consumes=[],produces=[],custom=[]}" onto public java.lang.Object org.springframework.boot.actuate.endpoint.mvc.EndpointMvcAdapter.invoke()
2015-04-21 16:28:44.654  INFO 6235 --- [    Test worker] o.s.b.a.e.mvc.EndpointHandlerMapping     : Mapped "{[/metrics/{name:.*}],methods=[GET],params=[],headers=[],consumes=[],produces=[],custom=[]}" onto public java.lang.Object org.springframework.boot.actuate.endpoint.mvc.MetricsMvcEndpoint.value(java.lang.String)
2015-04-21 16:28:44.654  INFO 6235 --- [    Test worker] o.s.b.a.e.mvc.EndpointHandlerMapping     : Mapped "{[/metrics],methods=[GET],params=[],headers=[],consumes=[],produces=[],custom=[]}" onto public java.lang.Object org.springframework.boot.actuate.endpoint.mvc.EndpointMvcAdapter.invoke()
2015-04-21 16:28:44.654  INFO 6235 --- [    Test worker] o.s.b.a.e.mvc.EndpointHandlerMapping     : Mapped "{[/configprops],methods=[GET],params=[],headers=[],consumes=[],produces=[],custom=[]}" onto public java.lang.Object org.springframework.boot.actuate.endpoint.mvc.EndpointMvcAdapter.invoke()
2015-04-21 16:28:44.654  INFO 6235 --- [    Test worker] o.s.b.a.e.mvc.EndpointHandlerMapping     : Mapped "{[/info],methods=[GET],params=[],headers=[],consumes=[],produces=[],custom=[]}" onto public java.lang.Object org.springframework.boot.actuate.endpoint.mvc.EndpointMvcAdapter.invoke()
2015-04-21 16:28:44.655  INFO 6235 --- [    Test worker] o.s.b.a.e.mvc.EndpointHandlerMapping     : Mapped "{[/shutdown],methods=[POST],params=[],headers=[],consumes=[],produces=[],custom=[]}" onto public java.lang.Object org.springframework.boot.actuate.endpoint.mvc.ShutdownMvcEndpoint.invoke()
2015-04-21 16:28:44.655  INFO 6235 --- [    Test worker] o.s.b.a.e.mvc.EndpointHandlerMapping     : Mapped "{[/mappings],methods=[GET],params=[],headers=[],consumes=[],produces=[],custom=[]}" onto public java.lang.Object org.springframework.boot.actuate.endpoint.mvc.EndpointMvcAdapter.invoke()
2015-04-21 16:28:44.655  INFO 6235 --- [    Test worker] o.s.b.a.e.mvc.EndpointHandlerMapping     : Mapped "{[/health],methods=[],params=[],headers=[],consumes=[],produces=[],custom=[]}" onto public java.lang.Object org.springframework.boot.actuate.endpoint.mvc.HealthMvcEndpoint.invoke(java.security.Principal)
2015-04-21 16:28:44.655  INFO 6235 --- [    Test worker] o.s.b.a.e.mvc.EndpointHandlerMapping     : Mapped "{[/beans],methods=[GET],params=[],headers=[],consumes=[],produces=[],custom=[]}" onto public java.lang.Object org.springframework.boot.actuate.endpoint.mvc.EndpointMvcAdapter.invoke()
2015-04-21 16:28:44.656  INFO 6235 --- [    Test worker] o.s.b.a.e.mvc.EndpointHandlerMapping     : Mapped "{[/env/{name:.*}],methods=[GET],params=[],headers=[],consumes=[],produces=[],custom=[]}" onto public java.lang.Object org.springframework.boot.actuate.endpoint.mvc.EnvironmentMvcEndpoint.value(java.lang.String)
2015-04-21 16:28:44.656  INFO 6235 --- [    Test worker] o.s.b.a.e.mvc.EndpointHandlerMapping     : Mapped "{[/env],methods=[GET],params=[],headers=[],consumes=[],produces=[],custom=[]}" onto public java.lang.Object org.springframework.boot.actuate.endpoint.mvc.EndpointMvcAdapter.invoke()
2015-04-21 16:28:44.656  INFO 6235 --- [    Test worker] o.s.b.a.e.mvc.EndpointHandlerMapping     : Mapped "{[/autoconfig],methods=[GET],params=[],headers=[],consumes=[],produces=[],custom=[]}" onto public java.lang.Object org.springframework.boot.actuate.endpoint.mvc.EndpointMvcAdapter.invoke()
2015-04-21 16:28:44.656  INFO 6235 --- [    Test worker] o.s.b.a.e.mvc.EndpointHandlerMapping     : Mapped "{[/trace],methods=[GET],params=[],headers=[],consumes=[],produces=[],custom=[]}" onto public java.lang.Object org.springframework.boot.actuate.endpoint.mvc.EndpointMvcAdapter.invoke()
2015-04-21 16:28:44.753  INFO 6235 --- [    Test worker] o.s.s.web.DefaultSecurityFilterChain     : Creating filter chain: Ant [pattern='/css/**'], []
2015-04-21 16:28:44.754  INFO 6235 --- [    Test worker] o.s.s.web.DefaultSecurityFilterChain     : Creating filter chain: Ant [pattern='/js/**'], []
2015-04-21 16:28:44.754  INFO 6235 --- [    Test worker] o.s.s.web.DefaultSecurityFilterChain     : Creating filter chain: Ant [pattern='/images/**'], []
2015-04-21 16:28:44.754  INFO 6235 --- [    Test worker] o.s.s.web.DefaultSecurityFilterChain     : Creating filter chain: Ant [pattern='/**/favicon.ico'], []
2015-04-21 16:28:44.754  INFO 6235 --- [    Test worker] o.s.s.web.DefaultSecurityFilterChain     : Creating filter chain: Ant [pattern='/error'], []
2015-04-21 16:28:44.786  INFO 6235 --- [    Test worker] o.s.s.web.DefaultSecurityFilterChain     : Creating filter chain: org.springframework.security.web.util.matcher.AnyRequestMatcher@1, [org.springframework.security.web.context.request.async.WebAsyncManagerIntegrationFilter@5342836a, org.springframework.security.web.context.SecurityContextPersistenceFilter@5322e645, org.springframework.security.web.header.HeaderWriterFilter@3f442d2d, org.springframework.security.web.csrf.CsrfFilter@7c320b37, org.springframework.security.web.authentication.logout.LogoutFilter@7e011950, org.springframework.security.web.authentication.UsernamePasswordAuthenticationFilter@74ba692b, org.springframework.security.web.authentication.ui.DefaultLoginPageGeneratingFilter@5e1e7a56, org.springframework.security.web.authentication.www.BasicAuthenticationFilter@569c5876, org.springframework.security.web.savedrequest.RequestCacheAwareFilter@4a3ea5f, org.springframework.security.web.servletapi.SecurityContextHolderAwareRequestFilter@5d6f6ae9, org.springframework.security.web.authentication.AnonymousAuthenticationFilter@33c1ceda, org.springframework.security.web.session.SessionManagementFilter@1d5b2220, org.springframework.security.web.access.ExceptionTranslationFilter@5bfa522d, org.springframework.security.web.access.intercept.FilterSecurityInterceptor@17e006d6]
2015-04-21 16:28:44.792  INFO 6235 --- [    Test worker] o.s.s.web.DefaultSecurityFilterChain     : Creating filter chain: OrRequestMatcher [requestMatchers=[Ant [pattern='/info'], Ant [pattern='/info/**'], Ant [pattern='/info.*'], Ant [pattern='/health'], Ant [pattern='/health/**'], Ant [pattern='/health.*'], Ant [pattern='/dump'], Ant [pattern='/dump/**'], Ant [pattern='/dump.*'], Ant [pattern='/metrics'], Ant [pattern='/metrics/**'], Ant [pattern='/metrics.*'], Ant [pattern='/configprops'], Ant [pattern='/configprops/**'], Ant [pattern='/configprops.*'], Ant [pattern='/mappings'], Ant [pattern='/mappings/**'], Ant [pattern='/mappings.*'], Ant [pattern='/shutdown'], Ant [pattern='/shutdown/**'], Ant [pattern='/shutdown.*'], Ant [pattern='/beans'], Ant [pattern='/beans/**'], Ant [pattern='/beans.*'], Ant [pattern='/env'], Ant [pattern='/env/**'], Ant [pattern='/env.*'], Ant [pattern='/autoconfig'], Ant [pattern='/autoconfig/**'], Ant [pattern='/autoconfig.*'], Ant [pattern='/trace'], Ant [pattern='/trace/**'], Ant [pattern='/trace.*']]], [org.springframework.security.web.context.request.async.WebAsyncManagerIntegrationFilter@12015bce, org.springframework.security.web.context.SecurityContextPersistenceFilter@47c4b94f, org.springframework.security.web.header.HeaderWriterFilter@7aa85ab, org.springframework.security.web.authentication.logout.LogoutFilter@4ff5af1d, org.springframework.security.web.authentication.www.BasicAuthenticationFilter@57f2fdfe, org.springframework.security.web.savedrequest.RequestCacheAwareFilter@44621658, org.springframework.security.web.servletapi.SecurityContextHolderAwareRequestFilter@3a90e7b, org.springframework.security.web.authentication.AnonymousAuthenticationFilter@17323a9e, org.springframework.security.web.session.SessionManagementFilter@4c2da17b, org.springframework.security.web.access.ExceptionTranslationFilter@2acf2d5a, org.springframework.security.web.access.intercept.FilterSecurityInterceptor@354b232f]
2015-04-21 16:28:44.993  INFO 6235 --- [    Test worker] o.s.jdbc.datasource.init.ScriptUtils     : Executing SQL script from URL [file:/Users/simon/git-hub/spring-rest-template/build/resources/main/schema.sql]
2015-04-21 16:28:45.004  INFO 6235 --- [    Test worker] o.s.jdbc.datasource.init.ScriptUtils     : Executed SQL script from URL [file:/Users/simon/git-hub/spring-rest-template/build/resources/main/schema.sql] in 10 ms.
2015-04-21 16:28:45.007  INFO 6235 --- [    Test worker] o.s.jdbc.datasource.init.ScriptUtils     : Executing SQL script from URL [file:/Users/simon/git-hub/spring-rest-template/build/resources/main/data.sql]
2015-04-21 16:28:45.010  INFO 6235 --- [    Test worker] o.s.jdbc.datasource.init.ScriptUtils     : Executed SQL script from URL [file:/Users/simon/git-hub/spring-rest-template/build/resources/main/data.sql] in 3 ms.
2015-04-21 16:28:45.032  INFO 6235 --- [    Test worker] o.s.s.concurrent.ThreadPoolTaskExecutor  : Initializing ExecutorService  'metricsExecutor'
2015-04-21 16:28:45.317  INFO 6235 --- [    Test worker] o.s.c.support.DefaultLifecycleProcessor  : Starting beans in phase 2147483647
2015-04-21 16:28:45.352  INFO 6235 --- [    Test worker] o.s.boot.SpringApplication               : Started application in 4.873 seconds (JVM running for 5.776)
]]></system-out>
  <system-err><![CDATA[]]></system-err>
</testsuite>
