<?xml version="1.0" encoding="UTF-8"?>
<testsuite name="com.pylon.VaultApplicationTest" tests="1" skipped="0" failures="0" errors="0" timestamp="2015-04-21T15:32:21" hostname="simon-ui-MacBook-Pro.local" time="0.003">
  <properties/>
  <testcase name="contextLoads" classname="com.pylon.VaultApplicationTest" time="0.003"/>
  <system-out><![CDATA[00:32:16.246 [Test worker] DEBUG o.s.t.c.j.SpringJUnit4ClassRunner - SpringJUnit4ClassRunner constructor called with [class com.pylon.VaultApplicationTest].
00:32:16.266 [Test worker] DEBUG o.s.test.context.BootstrapUtils - Instantiating TestContextBootstrapper from class [org.springframework.test.context.web.WebTestContextBootstrapper]
00:32:16.286 [Test worker] DEBUG o.s.t.c.w.WebTestContextBootstrapper - Found explicit ContextLoader class [org.springframework.boot.test.SpringApplicationContextLoader] for context configuration attributes [ContextConfigurationAttributes@2bc68bff declaringClass = 'com.pylon.VaultApplicationTest', classes = '{class com.pylon.VaultApplication}', locations = '{}', inheritLocations = true, initializers = '{}', inheritInitializers = true, name = [null], contextLoaderClass = 'org.springframework.boot.test.SpringApplicationContextLoader']
00:32:16.294 [Test worker] DEBUG o.s.t.c.support.ActiveProfilesUtils - Could not find an 'annotation declaring class' for annotation type [org.springframework.test.context.ActiveProfiles] and class [com.pylon.VaultApplicationTest]
00:32:16.298 [Test worker] DEBUG o.s.t.c.w.WebTestContextBootstrapper - @TestExecutionListeners is not present for class [com.pylon.VaultApplicationTest]: using defaults.
00:32:16.308 [Test worker] INFO  o.s.t.c.w.WebTestContextBootstrapper - Loaded default TestExecutionListener class names from location [META-INF/spring.factories]: [org.springframework.test.context.web.ServletTestExecutionListener, org.springframework.test.context.support.DependencyInjectionTestExecutionListener, org.springframework.test.context.support.DirtiesContextTestExecutionListener, org.springframework.test.context.transaction.TransactionalTestExecutionListener, org.springframework.test.context.jdbc.SqlScriptsTestExecutionListener]
00:32:16.327 [Test worker] INFO  o.s.t.c.w.WebTestContextBootstrapper - Using TestExecutionListeners: [org.springframework.test.context.web.ServletTestExecutionListener@847c4e8, org.springframework.test.context.support.DependencyInjectionTestExecutionListener@1fd05f97, org.springframework.test.context.support.DirtiesContextTestExecutionListener@2933c2d2, org.springframework.test.context.transaction.TransactionalTestExecutionListener@53b7e20, org.springframework.test.context.jdbc.SqlScriptsTestExecutionListener@4d5698f]
00:32:16.329 [Test worker] DEBUG o.s.t.annotation.ProfileValueUtils - Retrieved @ProfileValueSourceConfiguration [null] for test class [com.pylon.VaultApplicationTest]
00:32:16.330 [Test worker] DEBUG o.s.t.annotation.ProfileValueUtils - Retrieved ProfileValueSource type [class org.springframework.test.annotation.SystemProfileValueSource] for class [com.pylon.VaultApplicationTest]
00:32:16.332 [Test worker] DEBUG o.s.t.annotation.ProfileValueUtils - Retrieved @ProfileValueSourceConfiguration [null] for test class [com.pylon.VaultApplicationTest]
00:32:16.333 [Test worker] DEBUG o.s.t.annotation.ProfileValueUtils - Retrieved ProfileValueSource type [class org.springframework.test.annotation.SystemProfileValueSource] for class [com.pylon.VaultApplicationTest]
00:32:16.334 [Test worker] DEBUG o.s.t.annotation.ProfileValueUtils - Retrieved @ProfileValueSourceConfiguration [null] for test class [com.pylon.VaultApplicationTest]
00:32:16.334 [Test worker] DEBUG o.s.t.annotation.ProfileValueUtils - Retrieved ProfileValueSource type [class org.springframework.test.annotation.SystemProfileValueSource] for class [com.pylon.VaultApplicationTest]
00:32:16.336 [Test worker] DEBUG o.s.t.annotation.ProfileValueUtils - Retrieved @ProfileValueSourceConfiguration [null] for test class [com.pylon.VaultApplicationTest]
00:32:16.336 [Test worker] DEBUG o.s.t.annotation.ProfileValueUtils - Retrieved ProfileValueSource type [class org.springframework.test.annotation.SystemProfileValueSource] for class [com.pylon.VaultApplicationTest]
00:32:16.420 [Test worker] DEBUG o.s.core.env.StandardEnvironment - Adding [systemProperties] PropertySource with lowest search precedence
00:32:16.421 [Test worker] DEBUG o.s.core.env.StandardEnvironment - Adding [systemEnvironment] PropertySource with lowest search precedence
00:32:16.421 [Test worker] DEBUG o.s.core.env.StandardEnvironment - Initialized StandardEnvironment with PropertySources [systemProperties,systemEnvironment]
00:32:16.423 [Test worker] DEBUG o.s.core.env.StandardEnvironment - Adding [integrationTest] PropertySource with search precedence immediately lower than [systemEnvironment]

  .   ____          _            __ _ _
 /\\ / ___'_ __ _ _(_)_ __  __ _ \ \ \ \
( ( )\___ | '_ | '_| | '_ \/ _` | \ \ \ \
 \\/  ___)| |_)| | | | | || (_| |  ) ) ) )
  '  |____| .__|_| |_|_| |_\__, | / / / /
 =========|_|==============|___/=/_/_/_/
 :: Spring Boot ::        (v1.2.3.RELEASE)

2015-04-22 00:32:17.187  INFO 2365 --- [    Test worker] o.s.boot.SpringApplication               : Starting application on simon-ui-MacBook-Pro.local with PID 2365 (/Users/simon/.gradle/caches/modules-2/files-2.1/org.springframework.boot/spring-boot/1.2.3.RELEASE/2601c81786dd8d88fd7e53af1a3950ef45fd5507/spring-boot-1.2.3.RELEASE.jar started by simon in /Users/simon/git-hub/spring-rest-template)
2015-04-22 00:32:17.445  INFO 2365 --- [    Test worker] o.s.w.c.s.GenericWebApplicationContext   : Refreshing org.springframework.web.context.support.GenericWebApplicationContext@61e7f8de: startup date [Wed Apr 22 00:32:17 KST 2015]; root of context hierarchy
2015-04-22 00:32:18.821  INFO 2365 --- [    Test worker] f.a.AutowiredAnnotationBeanPostProcessor : JSR-330 'javax.inject.Inject' annotation found and supported for autowiring
2015-04-22 00:32:18.980  INFO 2365 --- [    Test worker] trationDelegate$BeanPostProcessorChecker : Bean 'databaseConfiguration' of type [class com.pylon.configuration.DatabaseConfiguration$$EnhancerBySpringCGLIB$$336a232c] is not eligible for getting processed by all BeanPostProcessors (for example: not eligible for auto-proxying)
2015-04-22 00:32:19.000  INFO 2365 --- [    Test worker] o.s.j.d.e.EmbeddedDatabaseFactory        : Creating embedded database 'db_mango'
2015-04-22 00:32:19.115  INFO 2365 --- [    Test worker] trationDelegate$BeanPostProcessorChecker : Bean 'dataSource' of type [class org.springframework.jdbc.datasource.embedded.EmbeddedDatabaseFactory$EmbeddedDataSourceProxy] is not eligible for getting processed by all BeanPostProcessors (for example: not eligible for auto-proxying)
2015-04-22 00:32:19.242  INFO 2365 --- [    Test worker] trationDelegate$BeanPostProcessorChecker : Bean 'sqlSessionFactory' of type [class org.apache.ibatis.session.defaults.DefaultSqlSessionFactory] is not eligible for getting processed by all BeanPostProcessors (for example: not eligible for auto-proxying)
2015-04-22 00:32:19.260  INFO 2365 --- [    Test worker] trationDelegate$BeanPostProcessorChecker : Bean 'bookMapper' of type [class org.mybatis.spring.mapper.MapperFactoryBean] is not eligible for getting processed by all BeanPostProcessors (for example: not eligible for auto-proxying)
2015-04-22 00:32:19.278  INFO 2365 --- [    Test worker] trationDelegate$BeanPostProcessorChecker : Bean 'org.springframework.jms.annotation.JmsBootstrapConfiguration' of type [class org.springframework.jms.annotation.JmsBootstrapConfiguration$$EnhancerBySpringCGLIB$$43b82760] is not eligible for getting processed by all BeanPostProcessors (for example: not eligible for auto-proxying)
2015-04-22 00:32:19.342  INFO 2365 --- [    Test worker] trationDelegate$BeanPostProcessorChecker : Bean 'transactionManager' of type [class org.springframework.jdbc.datasource.DataSourceTransactionManager] is not eligible for getting processed by all BeanPostProcessors (for example: not eligible for auto-proxying)
2015-04-22 00:32:19.344  INFO 2365 --- [    Test worker] trationDelegate$BeanPostProcessorChecker : Bean 'org.springframework.transaction.annotation.ProxyTransactionManagementConfiguration' of type [class org.springframework.transaction.annotation.ProxyTransactionManagementConfiguration$$EnhancerBySpringCGLIB$$953cd9bd] is not eligible for getting processed by all BeanPostProcessors (for example: not eligible for auto-proxying)
2015-04-22 00:32:19.353  INFO 2365 --- [    Test worker] trationDelegate$BeanPostProcessorChecker : Bean 'transactionAttributeSource' of type [class org.springframework.transaction.annotation.AnnotationTransactionAttributeSource] is not eligible for getting processed by all BeanPostProcessors (for example: not eligible for auto-proxying)
2015-04-22 00:32:19.361  INFO 2365 --- [    Test worker] trationDelegate$BeanPostProcessorChecker : Bean 'transactionInterceptor' of type [class org.springframework.transaction.interceptor.TransactionInterceptor] is not eligible for getting processed by all BeanPostProcessors (for example: not eligible for auto-proxying)
2015-04-22 00:32:19.365  INFO 2365 --- [    Test worker] trationDelegate$BeanPostProcessorChecker : Bean 'org.springframework.transaction.config.internalTransactionAdvisor' of type [class org.springframework.transaction.interceptor.BeanFactoryTransactionAttributeSourceAdvisor] is not eligible for getting processed by all BeanPostProcessors (for example: not eligible for auto-proxying)
2015-04-22 00:32:19.721  INFO 2365 --- [    Test worker] s.w.s.m.m.a.RequestMappingHandlerMapping : Mapped "{[/books],methods=[GET],params=[],headers=[],consumes=[],produces=[],custom=[]}" onto public org.springframework.hateoas.Resources<com.pylon.persistence.domain.BookResource> com.pylon.controller.BookController.getBooks(org.springframework.ui.Model)
2015-04-22 00:32:19.721  INFO 2365 --- [    Test worker] s.w.s.m.m.a.RequestMappingHandlerMapping : Mapped "{[/books/{id}],methods=[GET],params=[],headers=[],consumes=[],produces=[],custom=[]}" onto public com.pylon.persistence.domain.BookResource com.pylon.controller.BookController.getBook(java.lang.Long)
2015-04-22 00:32:19.722  INFO 2365 --- [    Test worker] s.w.s.m.m.a.RequestMappingHandlerMapping : Mapped "{[/books],methods=[POST],params=[],headers=[],consumes=[],produces=[],custom=[]}" onto public com.pylon.persistence.domain.Book com.pylon.controller.BookController.createBook(com.pylon.persistence.domain.Book)
2015-04-22 00:32:19.722  INFO 2365 --- [    Test worker] s.w.s.m.m.a.RequestMappingHandlerMapping : Mapped "{[/books/{id}],methods=[PUT],params=[],headers=[],consumes=[],produces=[],custom=[]}" onto public com.pylon.persistence.domain.Book com.pylon.controller.BookController.updateBook(java.lang.Long,com.pylon.persistence.domain.Book)
2015-04-22 00:32:19.722  INFO 2365 --- [    Test worker] s.w.s.m.m.a.RequestMappingHandlerMapping : Mapped "{[/books/{id}],methods=[DELETE],params=[],headers=[],consumes=[],produces=[],custom=[]}" onto public com.pylon.persistence.domain.Book com.pylon.controller.BookController.deleteBook(java.lang.Long)
2015-04-22 00:32:19.722  INFO 2365 --- [    Test worker] s.w.s.m.m.a.RequestMappingHandlerMapping : Mapped "{[/],methods=[GET],params=[],headers=[],consumes=[],produces=[],custom=[]}" onto public java.lang.String com.pylon.controller.DefaultController.welcome()
2015-04-22 00:32:19.729  INFO 2365 --- [    Test worker] s.w.s.m.m.a.RequestMappingHandlerMapping : Mapped "{[/error],methods=[],params=[],headers=[],consumes=[],produces=[],custom=[]}" onto public org.springframework.http.ResponseEntity<java.util.Map<java.lang.String, java.lang.Object>> org.springframework.boot.autoconfigure.web.BasicErrorController.error(javax.servlet.http.HttpServletRequest)
2015-04-22 00:32:19.730  INFO 2365 --- [    Test worker] s.w.s.m.m.a.RequestMappingHandlerMapping : Mapped "{[/error],methods=[],params=[],headers=[],consumes=[],produces=[text/html],custom=[]}" onto public org.springframework.web.servlet.ModelAndView org.springframework.boot.autoconfigure.web.BasicErrorController.errorHtml(javax.servlet.http.HttpServletRequest)
2015-04-22 00:32:19.783  INFO 2365 --- [    Test worker] o.s.w.s.handler.SimpleUrlHandlerMapping  : Mapped URL path [/**] onto handler of type [class org.springframework.web.servlet.resource.DefaultServletHttpRequestHandler]
2015-04-22 00:32:20.012  INFO 2365 --- [    Test worker] o.s.oxm.jaxb.Jaxb2Marshaller             : Creating JAXBContext by scanning packages [com.pylon,org.springframework.hateoas]
2015-04-22 00:32:20.156  INFO 2365 --- [    Test worker] s.w.s.m.m.a.RequestMappingHandlerAdapter : Looking for @ControllerAdvice: org.springframework.web.context.support.GenericWebApplicationContext@61e7f8de: startup date [Wed Apr 22 00:32:17 KST 2015]; root of context hierarchy
2015-04-22 00:32:20.216  INFO 2365 --- [    Test worker] .m.m.a.ExceptionHandlerExceptionResolver : Detected @ExceptionHandler methods in restResponseEntityExceptionHandler
2015-04-22 00:32:20.719  INFO 2365 --- [    Test worker] o.s.b.a.e.mvc.EndpointHandlerMapping     : Mapped "{[/trace],methods=[GET],params=[],headers=[],consumes=[],produces=[],custom=[]}" onto public java.lang.Object org.springframework.boot.actuate.endpoint.mvc.EndpointMvcAdapter.invoke()
2015-04-22 00:32:20.719  INFO 2365 --- [    Test worker] o.s.b.a.e.mvc.EndpointHandlerMapping     : Mapped "{[/health],methods=[],params=[],headers=[],consumes=[],produces=[],custom=[]}" onto public java.lang.Object org.springframework.boot.actuate.endpoint.mvc.HealthMvcEndpoint.invoke(java.security.Principal)
2015-04-22 00:32:20.719  INFO 2365 --- [    Test worker] o.s.b.a.e.mvc.EndpointHandlerMapping     : Mapped "{[/dump],methods=[GET],params=[],headers=[],consumes=[],produces=[],custom=[]}" onto public java.lang.Object org.springframework.boot.actuate.endpoint.mvc.EndpointMvcAdapter.invoke()
2015-04-22 00:32:20.720  INFO 2365 --- [    Test worker] o.s.b.a.e.mvc.EndpointHandlerMapping     : Mapped "{[/configprops],methods=[GET],params=[],headers=[],consumes=[],produces=[],custom=[]}" onto public java.lang.Object org.springframework.boot.actuate.endpoint.mvc.EndpointMvcAdapter.invoke()
2015-04-22 00:32:20.720  INFO 2365 --- [    Test worker] o.s.b.a.e.mvc.EndpointHandlerMapping     : Mapped "{[/env/{name:.*}],methods=[GET],params=[],headers=[],consumes=[],produces=[],custom=[]}" onto public java.lang.Object org.springframework.boot.actuate.endpoint.mvc.EnvironmentMvcEndpoint.value(java.lang.String)
2015-04-22 00:32:20.720  INFO 2365 --- [    Test worker] o.s.b.a.e.mvc.EndpointHandlerMapping     : Mapped "{[/env],methods=[GET],params=[],headers=[],consumes=[],produces=[],custom=[]}" onto public java.lang.Object org.springframework.boot.actuate.endpoint.mvc.EndpointMvcAdapter.invoke()
2015-04-22 00:32:20.720  INFO 2365 --- [    Test worker] o.s.b.a.e.mvc.EndpointHandlerMapping     : Mapped "{[/beans],methods=[GET],params=[],headers=[],consumes=[],produces=[],custom=[]}" onto public java.lang.Object org.springframework.boot.actuate.endpoint.mvc.EndpointMvcAdapter.invoke()
2015-04-22 00:32:20.721  INFO 2365 --- [    Test worker] o.s.b.a.e.mvc.EndpointHandlerMapping     : Mapped "{[/autoconfig],methods=[GET],params=[],headers=[],consumes=[],produces=[],custom=[]}" onto public java.lang.Object org.springframework.boot.actuate.endpoint.mvc.EndpointMvcAdapter.invoke()
2015-04-22 00:32:20.721  INFO 2365 --- [    Test worker] o.s.b.a.e.mvc.EndpointHandlerMapping     : Mapped "{[/metrics/{name:.*}],methods=[GET],params=[],headers=[],consumes=[],produces=[],custom=[]}" onto public java.lang.Object org.springframework.boot.actuate.endpoint.mvc.MetricsMvcEndpoint.value(java.lang.String)
2015-04-22 00:32:20.721  INFO 2365 --- [    Test worker] o.s.b.a.e.mvc.EndpointHandlerMapping     : Mapped "{[/metrics],methods=[GET],params=[],headers=[],consumes=[],produces=[],custom=[]}" onto public java.lang.Object org.springframework.boot.actuate.endpoint.mvc.EndpointMvcAdapter.invoke()
2015-04-22 00:32:20.721  INFO 2365 --- [    Test worker] o.s.b.a.e.mvc.EndpointHandlerMapping     : Mapped "{[/mappings],methods=[GET],params=[],headers=[],consumes=[],produces=[],custom=[]}" onto public java.lang.Object org.springframework.boot.actuate.endpoint.mvc.EndpointMvcAdapter.invoke()
2015-04-22 00:32:20.722  INFO 2365 --- [    Test worker] o.s.b.a.e.mvc.EndpointHandlerMapping     : Mapped "{[/shutdown],methods=[POST],params=[],headers=[],consumes=[],produces=[],custom=[]}" onto public java.lang.Object org.springframework.boot.actuate.endpoint.mvc.ShutdownMvcEndpoint.invoke()
2015-04-22 00:32:20.722  INFO 2365 --- [    Test worker] o.s.b.a.e.mvc.EndpointHandlerMapping     : Mapped "{[/info],methods=[GET],params=[],headers=[],consumes=[],produces=[],custom=[]}" onto public java.lang.Object org.springframework.boot.actuate.endpoint.mvc.EndpointMvcAdapter.invoke()
2015-04-22 00:32:20.823  INFO 2365 --- [    Test worker] o.s.s.web.DefaultSecurityFilterChain     : Creating filter chain: Ant [pattern='/css/**'], []
2015-04-22 00:32:20.823  INFO 2365 --- [    Test worker] o.s.s.web.DefaultSecurityFilterChain     : Creating filter chain: Ant [pattern='/js/**'], []
2015-04-22 00:32:20.823  INFO 2365 --- [    Test worker] o.s.s.web.DefaultSecurityFilterChain     : Creating filter chain: Ant [pattern='/images/**'], []
2015-04-22 00:32:20.823  INFO 2365 --- [    Test worker] o.s.s.web.DefaultSecurityFilterChain     : Creating filter chain: Ant [pattern='/**/favicon.ico'], []
2015-04-22 00:32:20.823  INFO 2365 --- [    Test worker] o.s.s.web.DefaultSecurityFilterChain     : Creating filter chain: Ant [pattern='/error'], []
2015-04-22 00:32:20.858  INFO 2365 --- [    Test worker] o.s.s.web.DefaultSecurityFilterChain     : Creating filter chain: org.springframework.security.web.util.matcher.AnyRequestMatcher@1, [org.springframework.security.web.context.request.async.WebAsyncManagerIntegrationFilter@741f396c, org.springframework.security.web.context.SecurityContextPersistenceFilter@472f569, org.springframework.security.web.header.HeaderWriterFilter@7439522, org.springframework.security.web.csrf.CsrfFilter@4e1a0338, org.springframework.security.web.authentication.logout.LogoutFilter@15ff6c16, org.springframework.security.web.authentication.UsernamePasswordAuthenticationFilter@33e44042, org.springframework.security.web.authentication.ui.DefaultLoginPageGeneratingFilter@5edbafdd, org.springframework.security.web.authentication.www.BasicAuthenticationFilter@2e0a768a, org.springframework.security.web.savedrequest.RequestCacheAwareFilter@722ea2c4, org.springframework.security.web.servletapi.SecurityContextHolderAwareRequestFilter@6da49168, org.springframework.security.web.authentication.AnonymousAuthenticationFilter@2df31d03, org.springframework.security.web.session.SessionManagementFilter@71c9b3fb, org.springframework.security.web.access.ExceptionTranslationFilter@4c84e31e, org.springframework.security.web.access.intercept.FilterSecurityInterceptor@7da8ca25]
2015-04-22 00:32:20.863  INFO 2365 --- [    Test worker] o.s.s.web.DefaultSecurityFilterChain     : Creating filter chain: OrRequestMatcher [requestMatchers=[Ant [pattern='/health'], Ant [pattern='/health/**'], Ant [pattern='/health.*'], Ant [pattern='/info'], Ant [pattern='/info/**'], Ant [pattern='/info.*'], Ant [pattern='/trace'], Ant [pattern='/trace/**'], Ant [pattern='/trace.*'], Ant [pattern='/dump'], Ant [pattern='/dump/**'], Ant [pattern='/dump.*'], Ant [pattern='/configprops'], Ant [pattern='/configprops/**'], Ant [pattern='/configprops.*'], Ant [pattern='/env'], Ant [pattern='/env/**'], Ant [pattern='/env.*'], Ant [pattern='/autoconfig'], Ant [pattern='/autoconfig/**'], Ant [pattern='/autoconfig.*'], Ant [pattern='/beans'], Ant [pattern='/beans/**'], Ant [pattern='/beans.*'], Ant [pattern='/mappings'], Ant [pattern='/mappings/**'], Ant [pattern='/mappings.*'], Ant [pattern='/metrics'], Ant [pattern='/metrics/**'], Ant [pattern='/metrics.*'], Ant [pattern='/shutdown'], Ant [pattern='/shutdown/**'], Ant [pattern='/shutdown.*']]], [org.springframework.security.web.context.request.async.WebAsyncManagerIntegrationFilter@604b7cf, org.springframework.security.web.context.SecurityContextPersistenceFilter@2adc14ac, org.springframework.security.web.header.HeaderWriterFilter@66fda52a, org.springframework.security.web.authentication.logout.LogoutFilter@19c7a5d3, org.springframework.security.web.authentication.www.BasicAuthenticationFilter@47e8d14b, org.springframework.security.web.savedrequest.RequestCacheAwareFilter@56d13e2f, org.springframework.security.web.servletapi.SecurityContextHolderAwareRequestFilter@4349ac30, org.springframework.security.web.authentication.AnonymousAuthenticationFilter@1fbf7a1f, org.springframework.security.web.session.SessionManagementFilter@16669d39, org.springframework.security.web.access.ExceptionTranslationFilter@554bda9d, org.springframework.security.web.access.intercept.FilterSecurityInterceptor@417e412c]
2015-04-22 00:32:21.074  INFO 2365 --- [    Test worker] o.s.jdbc.datasource.init.ScriptUtils     : Executing SQL script from URL [file:/Users/simon/git-hub/spring-rest-template/build/resources/main/schema.sql]
2015-04-22 00:32:21.084  INFO 2365 --- [    Test worker] o.s.jdbc.datasource.init.ScriptUtils     : Executed SQL script from URL [file:/Users/simon/git-hub/spring-rest-template/build/resources/main/schema.sql] in 10 ms.
2015-04-22 00:32:21.087  INFO 2365 --- [    Test worker] o.s.jdbc.datasource.init.ScriptUtils     : Executing SQL script from URL [file:/Users/simon/git-hub/spring-rest-template/build/resources/main/data.sql]
2015-04-22 00:32:21.090  INFO 2365 --- [    Test worker] o.s.jdbc.datasource.init.ScriptUtils     : Executed SQL script from URL [file:/Users/simon/git-hub/spring-rest-template/build/resources/main/data.sql] in 3 ms.
2015-04-22 00:32:21.111  INFO 2365 --- [    Test worker] o.s.s.concurrent.ThreadPoolTaskExecutor  : Initializing ExecutorService  'metricsExecutor'
2015-04-22 00:32:21.642  INFO 2365 --- [    Test worker] o.s.c.support.DefaultLifecycleProcessor  : Starting beans in phase 2147483647
2015-04-22 00:32:21.675  INFO 2365 --- [    Test worker] o.s.boot.SpringApplication               : Started application in 5.244 seconds (JVM running for 6.139)
]]></system-out>
  <system-err><![CDATA[]]></system-err>
</testsuite>
