<?xml version="1.0" encoding="UTF-8"?>
<testsuite name="com.flyaway.DemoApplicationTests" tests="1" skipped="0" failures="0" errors="0" timestamp="2015-04-19T11:46:28" hostname="simon-ui-MacBook-Pro.local" time="0.003">
  <properties/>
  <testcase name="contextLoads" classname="com.flyaway.DemoApplicationTests" time="0.003"/>
  <system-out><![CDATA[20:46:23.687 [Test worker] DEBUG o.s.t.c.j.SpringJUnit4ClassRunner - SpringJUnit4ClassRunner constructor called with [class com.flyaway.DemoApplicationTests].
20:46:23.706 [Test worker] DEBUG o.s.test.context.BootstrapUtils - Instantiating TestContextBootstrapper from class [org.springframework.test.context.web.WebTestContextBootstrapper]
20:46:23.725 [Test worker] DEBUG o.s.t.c.w.WebTestContextBootstrapper - Found explicit ContextLoader class [org.springframework.boot.test.SpringApplicationContextLoader] for context configuration attributes [ContextConfigurationAttributes@650e2859 declaringClass = 'com.flyaway.DemoApplicationTests', classes = '{class com.flyaway.FlyawayApplication}', locations = '{}', inheritLocations = true, initializers = '{}', inheritInitializers = true, name = [null], contextLoaderClass = 'org.springframework.boot.test.SpringApplicationContextLoader']
20:46:23.732 [Test worker] DEBUG o.s.t.c.support.ActiveProfilesUtils - Could not find an 'annotation declaring class' for annotation type [org.springframework.test.context.ActiveProfiles] and class [com.flyaway.DemoApplicationTests]
20:46:23.736 [Test worker] DEBUG o.s.t.c.w.WebTestContextBootstrapper - @TestExecutionListeners is not present for class [com.flyaway.DemoApplicationTests]: using defaults.
20:46:23.746 [Test worker] INFO  o.s.t.c.w.WebTestContextBootstrapper - Loaded default TestExecutionListener class names from location [META-INF/spring.factories]: [org.springframework.test.context.web.ServletTestExecutionListener, org.springframework.test.context.support.DependencyInjectionTestExecutionListener, org.springframework.test.context.support.DirtiesContextTestExecutionListener, org.springframework.test.context.transaction.TransactionalTestExecutionListener, org.springframework.test.context.jdbc.SqlScriptsTestExecutionListener]
20:46:23.765 [Test worker] INFO  o.s.t.c.w.WebTestContextBootstrapper - Using TestExecutionListeners: [org.springframework.test.context.web.ServletTestExecutionListener@2ac9b619, org.springframework.test.context.support.DependencyInjectionTestExecutionListener@20d23941, org.springframework.test.context.support.DirtiesContextTestExecutionListener@49aceb3c, org.springframework.test.context.transaction.TransactionalTestExecutionListener@7787d5ed, org.springframework.test.context.jdbc.SqlScriptsTestExecutionListener@76edf7e9]
20:46:23.767 [Test worker] DEBUG o.s.t.annotation.ProfileValueUtils - Retrieved @ProfileValueSourceConfiguration [null] for test class [com.flyaway.DemoApplicationTests]
20:46:23.768 [Test worker] DEBUG o.s.t.annotation.ProfileValueUtils - Retrieved ProfileValueSource type [class org.springframework.test.annotation.SystemProfileValueSource] for class [com.flyaway.DemoApplicationTests]
20:46:23.770 [Test worker] DEBUG o.s.t.annotation.ProfileValueUtils - Retrieved @ProfileValueSourceConfiguration [null] for test class [com.flyaway.DemoApplicationTests]
20:46:23.771 [Test worker] DEBUG o.s.t.annotation.ProfileValueUtils - Retrieved ProfileValueSource type [class org.springframework.test.annotation.SystemProfileValueSource] for class [com.flyaway.DemoApplicationTests]
20:46:23.771 [Test worker] DEBUG o.s.t.annotation.ProfileValueUtils - Retrieved @ProfileValueSourceConfiguration [null] for test class [com.flyaway.DemoApplicationTests]
20:46:23.772 [Test worker] DEBUG o.s.t.annotation.ProfileValueUtils - Retrieved ProfileValueSource type [class org.springframework.test.annotation.SystemProfileValueSource] for class [com.flyaway.DemoApplicationTests]
20:46:23.773 [Test worker] DEBUG o.s.t.annotation.ProfileValueUtils - Retrieved @ProfileValueSourceConfiguration [null] for test class [com.flyaway.DemoApplicationTests]
20:46:23.773 [Test worker] DEBUG o.s.t.annotation.ProfileValueUtils - Retrieved ProfileValueSource type [class org.springframework.test.annotation.SystemProfileValueSource] for class [com.flyaway.DemoApplicationTests]
20:46:23.862 [Test worker] DEBUG o.s.core.env.StandardEnvironment - Adding [systemProperties] PropertySource with lowest search precedence
20:46:23.864 [Test worker] DEBUG o.s.core.env.StandardEnvironment - Adding [systemEnvironment] PropertySource with lowest search precedence
20:46:23.864 [Test worker] DEBUG o.s.core.env.StandardEnvironment - Initialized StandardEnvironment with PropertySources [systemProperties,systemEnvironment]
20:46:23.866 [Test worker] DEBUG o.s.core.env.StandardEnvironment - Adding [integrationTest] PropertySource with search precedence immediately lower than [systemEnvironment]

  .   ____          _            __ _ _
 /\\ / ___'_ __ _ _(_)_ __  __ _ \ \ \ \
( ( )\___ | '_ | '_| | '_ \/ _` | \ \ \ \
 \\/  ___)| |_)| | | | | || (_| |  ) ) ) )
  '  |____| .__|_| |_|_| |_\__, | / / / /
 =========|_|==============|___/=/_/_/_/
 :: Spring Boot ::        (v1.2.3.RELEASE)

2015-04-19 20:46:24.642  INFO 2200 --- [    Test worker] o.s.boot.SpringApplication               : Starting application on simon-ui-MacBook-Pro.local with PID 2200 (/Users/simon/.gradle/caches/modules-2/files-2.1/org.springframework.boot/spring-boot/1.2.3.RELEASE/2601c81786dd8d88fd7e53af1a3950ef45fd5507/spring-boot-1.2.3.RELEASE.jar started by simon in /Users/simon/git-hub/simon_spring_restful)
2015-04-19 20:46:24.695  INFO 2200 --- [    Test worker] o.s.w.c.s.GenericWebApplicationContext   : Refreshing org.springframework.web.context.support.GenericWebApplicationContext@728fbbb4: startup date [Sun Apr 19 20:46:24 KST 2015]; root of context hierarchy
2015-04-19 20:46:26.074  INFO 2200 --- [    Test worker] f.a.AutowiredAnnotationBeanPostProcessor : JSR-330 'javax.inject.Inject' annotation found and supported for autowiring
2015-04-19 20:46:26.220  INFO 2200 --- [    Test worker] trationDelegate$BeanPostProcessorChecker : Bean 'databaseConfig' of type [class com.flyaway.configurations.DatabaseConfig$$EnhancerBySpringCGLIB$$df1342b5] is not eligible for getting processed by all BeanPostProcessors (for example: not eligible for auto-proxying)
2015-04-19 20:46:26.240  INFO 2200 --- [    Test worker] o.s.j.d.e.EmbeddedDatabaseFactory        : Creating embedded database 'testdb'
2015-04-19 20:46:26.356  INFO 2200 --- [    Test worker] trationDelegate$BeanPostProcessorChecker : Bean 'dataSource' of type [class org.springframework.jdbc.datasource.embedded.EmbeddedDatabaseFactory$EmbeddedDataSourceProxy] is not eligible for getting processed by all BeanPostProcessors (for example: not eligible for auto-proxying)
2015-04-19 20:46:26.385  INFO 2200 --- [    Test worker] trationDelegate$BeanPostProcessorChecker : Bean 'sqlSessionFactory' of type [class org.apache.ibatis.session.defaults.DefaultSqlSessionFactory] is not eligible for getting processed by all BeanPostProcessors (for example: not eligible for auto-proxying)
2015-04-19 20:46:26.514  INFO 2200 --- [    Test worker] trationDelegate$BeanPostProcessorChecker : Bean 'bookMapper' of type [class org.mybatis.spring.mapper.MapperFactoryBean] is not eligible for getting processed by all BeanPostProcessors (for example: not eligible for auto-proxying)
2015-04-19 20:46:26.535  INFO 2200 --- [    Test worker] trationDelegate$BeanPostProcessorChecker : Bean 'org.springframework.jms.annotation.JmsBootstrapConfiguration' of type [class org.springframework.jms.annotation.JmsBootstrapConfiguration$$EnhancerBySpringCGLIB$$35846aff] is not eligible for getting processed by all BeanPostProcessors (for example: not eligible for auto-proxying)
2015-04-19 20:46:26.587  INFO 2200 --- [    Test worker] trationDelegate$BeanPostProcessorChecker : Bean 'transactionManager' of type [class org.springframework.jdbc.datasource.DataSourceTransactionManager] is not eligible for getting processed by all BeanPostProcessors (for example: not eligible for auto-proxying)
2015-04-19 20:46:26.589  INFO 2200 --- [    Test worker] trationDelegate$BeanPostProcessorChecker : Bean 'org.springframework.transaction.annotation.ProxyTransactionManagementConfiguration' of type [class org.springframework.transaction.annotation.ProxyTransactionManagementConfiguration$$EnhancerBySpringCGLIB$$87091d5c] is not eligible for getting processed by all BeanPostProcessors (for example: not eligible for auto-proxying)
2015-04-19 20:46:26.599  INFO 2200 --- [    Test worker] trationDelegate$BeanPostProcessorChecker : Bean 'transactionAttributeSource' of type [class org.springframework.transaction.annotation.AnnotationTransactionAttributeSource] is not eligible for getting processed by all BeanPostProcessors (for example: not eligible for auto-proxying)
2015-04-19 20:46:26.605  INFO 2200 --- [    Test worker] trationDelegate$BeanPostProcessorChecker : Bean 'transactionInterceptor' of type [class org.springframework.transaction.interceptor.TransactionInterceptor] is not eligible for getting processed by all BeanPostProcessors (for example: not eligible for auto-proxying)
2015-04-19 20:46:26.609  INFO 2200 --- [    Test worker] trationDelegate$BeanPostProcessorChecker : Bean 'org.springframework.transaction.config.internalTransactionAdvisor' of type [class org.springframework.transaction.interceptor.BeanFactoryTransactionAttributeSourceAdvisor] is not eligible for getting processed by all BeanPostProcessors (for example: not eligible for auto-proxying)
2015-04-19 20:46:26.984  INFO 2200 --- [    Test worker] s.w.s.m.m.a.RequestMappingHandlerMapping : Mapped "{[/books],methods=[GET],params=[],headers=[],consumes=[],produces=[],custom=[]}" onto public org.springframework.hateoas.Resources<com.flyaway.restful.domain.BookResource> com.flyaway.restful.controller.BookController.getBooks(org.springframework.ui.Model)
2015-04-19 20:46:26.985  INFO 2200 --- [    Test worker] s.w.s.m.m.a.RequestMappingHandlerMapping : Mapped "{[/books/{id}],methods=[GET],params=[],headers=[],consumes=[],produces=[],custom=[]}" onto public com.flyaway.restful.domain.BookResource com.flyaway.restful.controller.BookController.getBook(java.lang.Long)
2015-04-19 20:46:26.985  INFO 2200 --- [    Test worker] s.w.s.m.m.a.RequestMappingHandlerMapping : Mapped "{[/books],methods=[POST],params=[],headers=[],consumes=[],produces=[],custom=[]}" onto public com.flyaway.common.domain.Book com.flyaway.restful.controller.BookController.createBook(com.flyaway.common.domain.Book)
2015-04-19 20:46:26.985  INFO 2200 --- [    Test worker] s.w.s.m.m.a.RequestMappingHandlerMapping : Mapped "{[/books/{id}],methods=[PUT],params=[],headers=[],consumes=[],produces=[],custom=[]}" onto public com.flyaway.common.domain.Book com.flyaway.restful.controller.BookController.updateBook(java.lang.Long,com.flyaway.common.domain.Book)
2015-04-19 20:46:26.985  INFO 2200 --- [    Test worker] s.w.s.m.m.a.RequestMappingHandlerMapping : Mapped "{[/books/{id}],methods=[DELETE],params=[],headers=[],consumes=[],produces=[],custom=[]}" onto public com.flyaway.common.domain.Book com.flyaway.restful.controller.BookController.deleteBook(java.lang.Long)
2015-04-19 20:46:26.993  INFO 2200 --- [    Test worker] s.w.s.m.m.a.RequestMappingHandlerMapping : Mapped "{[/error],methods=[],params=[],headers=[],consumes=[],produces=[],custom=[]}" onto public org.springframework.http.ResponseEntity<java.util.Map<java.lang.String, java.lang.Object>> org.springframework.boot.autoconfigure.web.BasicErrorController.error(javax.servlet.http.HttpServletRequest)
2015-04-19 20:46:26.993  INFO 2200 --- [    Test worker] s.w.s.m.m.a.RequestMappingHandlerMapping : Mapped "{[/error],methods=[],params=[],headers=[],consumes=[],produces=[text/html],custom=[]}" onto public org.springframework.web.servlet.ModelAndView org.springframework.boot.autoconfigure.web.BasicErrorController.errorHtml(javax.servlet.http.HttpServletRequest)
2015-04-19 20:46:27.243  INFO 2200 --- [    Test worker] o.s.oxm.jaxb.Jaxb2Marshaller             : Creating JAXBContext by scanning packages [com.flyaway.restful.*,org.springframework.hateoas]
2015-04-19 20:46:27.374  INFO 2200 --- [    Test worker] s.w.s.m.m.a.RequestMappingHandlerAdapter : Looking for @ControllerAdvice: org.springframework.web.context.support.GenericWebApplicationContext@728fbbb4: startup date [Sun Apr 19 20:46:24 KST 2015]; root of context hierarchy
2015-04-19 20:46:27.426  INFO 2200 --- [    Test worker] .m.m.a.ExceptionHandlerExceptionResolver : Detected @ExceptionHandler methods in restResponseEntityExceptionHandler
2015-04-19 20:46:27.937  INFO 2200 --- [    Test worker] o.s.b.a.e.mvc.EndpointHandlerMapping     : Mapped "{[/autoconfig],methods=[GET],params=[],headers=[],consumes=[],produces=[],custom=[]}" onto public java.lang.Object org.springframework.boot.actuate.endpoint.mvc.EndpointMvcAdapter.invoke()
2015-04-19 20:46:27.937  INFO 2200 --- [    Test worker] o.s.b.a.e.mvc.EndpointHandlerMapping     : Mapped "{[/shutdown],methods=[POST],params=[],headers=[],consumes=[],produces=[],custom=[]}" onto public java.lang.Object org.springframework.boot.actuate.endpoint.mvc.ShutdownMvcEndpoint.invoke()
2015-04-19 20:46:27.938  INFO 2200 --- [    Test worker] o.s.b.a.e.mvc.EndpointHandlerMapping     : Mapped "{[/mappings],methods=[GET],params=[],headers=[],consumes=[],produces=[],custom=[]}" onto public java.lang.Object org.springframework.boot.actuate.endpoint.mvc.EndpointMvcAdapter.invoke()
2015-04-19 20:46:27.938  INFO 2200 --- [    Test worker] o.s.b.a.e.mvc.EndpointHandlerMapping     : Mapped "{[/dump],methods=[GET],params=[],headers=[],consumes=[],produces=[],custom=[]}" onto public java.lang.Object org.springframework.boot.actuate.endpoint.mvc.EndpointMvcAdapter.invoke()
2015-04-19 20:46:27.938  INFO 2200 --- [    Test worker] o.s.b.a.e.mvc.EndpointHandlerMapping     : Mapped "{[/trace],methods=[GET],params=[],headers=[],consumes=[],produces=[],custom=[]}" onto public java.lang.Object org.springframework.boot.actuate.endpoint.mvc.EndpointMvcAdapter.invoke()
2015-04-19 20:46:27.939  INFO 2200 --- [    Test worker] o.s.b.a.e.mvc.EndpointHandlerMapping     : Mapped "{[/configprops],methods=[GET],params=[],headers=[],consumes=[],produces=[],custom=[]}" onto public java.lang.Object org.springframework.boot.actuate.endpoint.mvc.EndpointMvcAdapter.invoke()
2015-04-19 20:46:27.939  INFO 2200 --- [    Test worker] o.s.b.a.e.mvc.EndpointHandlerMapping     : Mapped "{[/env/{name:.*}],methods=[GET],params=[],headers=[],consumes=[],produces=[],custom=[]}" onto public java.lang.Object org.springframework.boot.actuate.endpoint.mvc.EnvironmentMvcEndpoint.value(java.lang.String)
2015-04-19 20:46:27.939  INFO 2200 --- [    Test worker] o.s.b.a.e.mvc.EndpointHandlerMapping     : Mapped "{[/env],methods=[GET],params=[],headers=[],consumes=[],produces=[],custom=[]}" onto public java.lang.Object org.springframework.boot.actuate.endpoint.mvc.EndpointMvcAdapter.invoke()
2015-04-19 20:46:27.939  INFO 2200 --- [    Test worker] o.s.b.a.e.mvc.EndpointHandlerMapping     : Mapped "{[/health],methods=[],params=[],headers=[],consumes=[],produces=[],custom=[]}" onto public java.lang.Object org.springframework.boot.actuate.endpoint.mvc.HealthMvcEndpoint.invoke(java.security.Principal)
2015-04-19 20:46:27.940  INFO 2200 --- [    Test worker] o.s.b.a.e.mvc.EndpointHandlerMapping     : Mapped "{[/beans],methods=[GET],params=[],headers=[],consumes=[],produces=[],custom=[]}" onto public java.lang.Object org.springframework.boot.actuate.endpoint.mvc.EndpointMvcAdapter.invoke()
2015-04-19 20:46:27.940  INFO 2200 --- [    Test worker] o.s.b.a.e.mvc.EndpointHandlerMapping     : Mapped "{[/metrics/{name:.*}],methods=[GET],params=[],headers=[],consumes=[],produces=[],custom=[]}" onto public java.lang.Object org.springframework.boot.actuate.endpoint.mvc.MetricsMvcEndpoint.value(java.lang.String)
2015-04-19 20:46:27.940  INFO 2200 --- [    Test worker] o.s.b.a.e.mvc.EndpointHandlerMapping     : Mapped "{[/metrics],methods=[GET],params=[],headers=[],consumes=[],produces=[],custom=[]}" onto public java.lang.Object org.springframework.boot.actuate.endpoint.mvc.EndpointMvcAdapter.invoke()
2015-04-19 20:46:27.940  INFO 2200 --- [    Test worker] o.s.b.a.e.mvc.EndpointHandlerMapping     : Mapped "{[/info],methods=[GET],params=[],headers=[],consumes=[],produces=[],custom=[]}" onto public java.lang.Object org.springframework.boot.actuate.endpoint.mvc.EndpointMvcAdapter.invoke()
2015-04-19 20:46:28.061  INFO 2200 --- [    Test worker] o.s.s.web.DefaultSecurityFilterChain     : Creating filter chain: Ant [pattern='/css/**'], []
2015-04-19 20:46:28.061  INFO 2200 --- [    Test worker] o.s.s.web.DefaultSecurityFilterChain     : Creating filter chain: Ant [pattern='/js/**'], []
2015-04-19 20:46:28.061  INFO 2200 --- [    Test worker] o.s.s.web.DefaultSecurityFilterChain     : Creating filter chain: Ant [pattern='/images/**'], []
2015-04-19 20:46:28.061  INFO 2200 --- [    Test worker] o.s.s.web.DefaultSecurityFilterChain     : Creating filter chain: Ant [pattern='/**/favicon.ico'], []
2015-04-19 20:46:28.061  INFO 2200 --- [    Test worker] o.s.s.web.DefaultSecurityFilterChain     : Creating filter chain: Ant [pattern='/error'], []
2015-04-19 20:46:28.107  INFO 2200 --- [    Test worker] o.s.s.web.DefaultSecurityFilterChain     : Creating filter chain: org.springframework.security.web.util.matcher.AnyRequestMatcher@1, [org.springframework.security.web.context.request.async.WebAsyncManagerIntegrationFilter@16cda83c, org.springframework.security.web.context.SecurityContextPersistenceFilter@16e73b4f, org.springframework.security.web.header.HeaderWriterFilter@60518adb, org.springframework.security.web.csrf.CsrfFilter@63e78458, org.springframework.security.web.authentication.logout.LogoutFilter@18e21b1a, org.springframework.security.web.authentication.UsernamePasswordAuthenticationFilter@2dcadad6, org.springframework.security.web.authentication.ui.DefaultLoginPageGeneratingFilter@4a1d71ee, org.springframework.security.web.authentication.www.BasicAuthenticationFilter@6d8f2161, org.springframework.security.web.savedrequest.RequestCacheAwareFilter@7a2bf7eb, org.springframework.security.web.servletapi.SecurityContextHolderAwareRequestFilter@78139afc, org.springframework.security.web.authentication.AnonymousAuthenticationFilter@17e006d6, org.springframework.security.web.session.SessionManagementFilter@75f6bc34, org.springframework.security.web.access.ExceptionTranslationFilter@15e672e7, org.springframework.security.web.access.intercept.FilterSecurityInterceptor@ed7f248]
2015-04-19 20:46:28.116  INFO 2200 --- [    Test worker] o.s.s.web.DefaultSecurityFilterChain     : Creating filter chain: OrRequestMatcher [requestMatchers=[Ant [pattern='/health'], Ant [pattern='/health/**'], Ant [pattern='/health.*'], Ant [pattern='/info'], Ant [pattern='/info/**'], Ant [pattern='/info.*'], Ant [pattern='/autoconfig'], Ant [pattern='/autoconfig/**'], Ant [pattern='/autoconfig.*'], Ant [pattern='/shutdown'], Ant [pattern='/shutdown/**'], Ant [pattern='/shutdown.*'], Ant [pattern='/dump'], Ant [pattern='/dump/**'], Ant [pattern='/dump.*'], Ant [pattern='/mappings'], Ant [pattern='/mappings/**'], Ant [pattern='/mappings.*'], Ant [pattern='/configprops'], Ant [pattern='/configprops/**'], Ant [pattern='/configprops.*'], Ant [pattern='/trace'], Ant [pattern='/trace/**'], Ant [pattern='/trace.*'], Ant [pattern='/env'], Ant [pattern='/env/**'], Ant [pattern='/env.*'], Ant [pattern='/beans'], Ant [pattern='/beans/**'], Ant [pattern='/beans.*'], Ant [pattern='/metrics'], Ant [pattern='/metrics/**'], Ant [pattern='/metrics.*']]], [org.springframework.security.web.context.request.async.WebAsyncManagerIntegrationFilter@627995a2, org.springframework.security.web.context.SecurityContextPersistenceFilter@569c5876, org.springframework.security.web.header.HeaderWriterFilter@7a4ec1eb, org.springframework.security.web.authentication.logout.LogoutFilter@33c1ceda, org.springframework.security.web.authentication.www.BasicAuthenticationFilter@228f1fef, org.springframework.security.web.savedrequest.RequestCacheAwareFilter@3273d766, org.springframework.security.web.servletapi.SecurityContextHolderAwareRequestFilter@5342836a, org.springframework.security.web.authentication.AnonymousAuthenticationFilter@1c4ef130, org.springframework.security.web.session.SessionManagementFilter@489d6a08, org.springframework.security.web.access.ExceptionTranslationFilter@74ba692b, org.springframework.security.web.access.intercept.FilterSecurityInterceptor@58c9b513]
2015-04-19 20:46:28.378  INFO 2200 --- [    Test worker] o.s.jdbc.datasource.init.ScriptUtils     : Executing SQL script from URL [file:/Users/simon/git-hub/simon_spring_restful/build/resources/main/schema.sql]
2015-04-19 20:46:28.385  INFO 2200 --- [    Test worker] o.s.jdbc.datasource.init.ScriptUtils     : Executed SQL script from URL [file:/Users/simon/git-hub/simon_spring_restful/build/resources/main/schema.sql] in 6 ms.
2015-04-19 20:46:28.387  INFO 2200 --- [    Test worker] o.s.jdbc.datasource.init.ScriptUtils     : Executing SQL script from URL [file:/Users/simon/git-hub/simon_spring_restful/build/resources/main/data.sql]
2015-04-19 20:46:28.390  INFO 2200 --- [    Test worker] o.s.jdbc.datasource.init.ScriptUtils     : Executed SQL script from URL [file:/Users/simon/git-hub/simon_spring_restful/build/resources/main/data.sql] in 3 ms.
2015-04-19 20:46:28.413  INFO 2200 --- [    Test worker] o.s.s.concurrent.ThreadPoolTaskExecutor  : Initializing ExecutorService  'metricsExecutor'
2015-04-19 20:46:28.723  INFO 2200 --- [    Test worker] o.s.c.support.DefaultLifecycleProcessor  : Starting beans in phase 2147483647
2015-04-19 20:46:28.758  INFO 2200 --- [    Test worker] o.s.boot.SpringApplication               : Started application in 4.883 seconds (JVM running for 5.811)
]]></system-out>
  <system-err><![CDATA[]]></system-err>
</testsuite>
