<?xml version="1.0" encoding="UTF-8"?>
<testsuite name="com.pylon.FlyawayApplicationTest" tests="1" skipped="0" failures="0" errors="0" timestamp="2015-04-21T07:01:04" hostname="simon-ui-MacBook-Pro.local" time="0.003">
  <properties/>
  <testcase name="contextLoads" classname="com.pylon.FlyawayApplicationTest" time="0.003"/>
  <system-out><![CDATA[16:00:59.810 [Test worker] DEBUG o.s.t.c.j.SpringJUnit4ClassRunner - SpringJUnit4ClassRunner constructor called with [class com.pylon.FlyawayApplicationTest].
16:00:59.829 [Test worker] DEBUG o.s.test.context.BootstrapUtils - Instantiating TestContextBootstrapper from class [org.springframework.test.context.web.WebTestContextBootstrapper]
16:00:59.849 [Test worker] DEBUG o.s.t.c.w.WebTestContextBootstrapper - Found explicit ContextLoader class [org.springframework.boot.test.SpringApplicationContextLoader] for context configuration attributes [ContextConfigurationAttributes@2f290d08 declaringClass = 'com.pylon.FlyawayApplicationTest', classes = '{class com.pylon.FlyawayApplication}', locations = '{}', inheritLocations = true, initializers = '{}', inheritInitializers = true, name = [null], contextLoaderClass = 'org.springframework.boot.test.SpringApplicationContextLoader']
16:00:59.857 [Test worker] DEBUG o.s.t.c.support.ActiveProfilesUtils - Could not find an 'annotation declaring class' for annotation type [org.springframework.test.context.ActiveProfiles] and class [com.pylon.FlyawayApplicationTest]
16:00:59.861 [Test worker] DEBUG o.s.t.c.w.WebTestContextBootstrapper - @TestExecutionListeners is not present for class [com.pylon.FlyawayApplicationTest]: using defaults.
16:00:59.870 [Test worker] INFO  o.s.t.c.w.WebTestContextBootstrapper - Loaded default TestExecutionListener class names from location [META-INF/spring.factories]: [org.springframework.test.context.web.ServletTestExecutionListener, org.springframework.test.context.support.DependencyInjectionTestExecutionListener, org.springframework.test.context.support.DirtiesContextTestExecutionListener, org.springframework.test.context.transaction.TransactionalTestExecutionListener, org.springframework.test.context.jdbc.SqlScriptsTestExecutionListener]
16:00:59.888 [Test worker] INFO  o.s.t.c.w.WebTestContextBootstrapper - Using TestExecutionListeners: [org.springframework.test.context.web.ServletTestExecutionListener@49aceb3c, org.springframework.test.context.support.DependencyInjectionTestExecutionListener@7787d5ed, org.springframework.test.context.support.DirtiesContextTestExecutionListener@76edf7e9, org.springframework.test.context.transaction.TransactionalTestExecutionListener@12f1eff, org.springframework.test.context.jdbc.SqlScriptsTestExecutionListener@3c9bf7f4]
16:00:59.891 [Test worker] DEBUG o.s.t.annotation.ProfileValueUtils - Retrieved @ProfileValueSourceConfiguration [null] for test class [com.pylon.FlyawayApplicationTest]
16:00:59.891 [Test worker] DEBUG o.s.t.annotation.ProfileValueUtils - Retrieved ProfileValueSource type [class org.springframework.test.annotation.SystemProfileValueSource] for class [com.pylon.FlyawayApplicationTest]
16:00:59.894 [Test worker] DEBUG o.s.t.annotation.ProfileValueUtils - Retrieved @ProfileValueSourceConfiguration [null] for test class [com.pylon.FlyawayApplicationTest]
16:00:59.894 [Test worker] DEBUG o.s.t.annotation.ProfileValueUtils - Retrieved ProfileValueSource type [class org.springframework.test.annotation.SystemProfileValueSource] for class [com.pylon.FlyawayApplicationTest]
16:00:59.895 [Test worker] DEBUG o.s.t.annotation.ProfileValueUtils - Retrieved @ProfileValueSourceConfiguration [null] for test class [com.pylon.FlyawayApplicationTest]
16:00:59.895 [Test worker] DEBUG o.s.t.annotation.ProfileValueUtils - Retrieved ProfileValueSource type [class org.springframework.test.annotation.SystemProfileValueSource] for class [com.pylon.FlyawayApplicationTest]
16:00:59.897 [Test worker] DEBUG o.s.t.annotation.ProfileValueUtils - Retrieved @ProfileValueSourceConfiguration [null] for test class [com.pylon.FlyawayApplicationTest]
16:00:59.898 [Test worker] DEBUG o.s.t.annotation.ProfileValueUtils - Retrieved ProfileValueSource type [class org.springframework.test.annotation.SystemProfileValueSource] for class [com.pylon.FlyawayApplicationTest]
16:00:59.981 [Test worker] DEBUG o.s.core.env.StandardEnvironment - Adding [systemProperties] PropertySource with lowest search precedence
16:00:59.982 [Test worker] DEBUG o.s.core.env.StandardEnvironment - Adding [systemEnvironment] PropertySource with lowest search precedence
16:00:59.983 [Test worker] DEBUG o.s.core.env.StandardEnvironment - Initialized StandardEnvironment with PropertySources [systemProperties,systemEnvironment]
16:00:59.984 [Test worker] DEBUG o.s.core.env.StandardEnvironment - Adding [integrationTest] PropertySource with search precedence immediately lower than [systemEnvironment]

  .   ____          _            __ _ _
 /\\ / ___'_ __ _ _(_)_ __  __ _ \ \ \ \
( ( )\___ | '_ | '_| | '_ \/ _` | \ \ \ \
 \\/  ___)| |_)| | | | | || (_| |  ) ) ) )
  '  |____| .__|_| |_|_| |_\__, | / / / /
 =========|_|==============|___/=/_/_/_/
 :: Spring Boot ::        (v1.2.3.RELEASE)

2015-04-21 16:01:00.756  INFO 5050 --- [    Test worker] o.s.boot.SpringApplication               : Starting application on simon-ui-MacBook-Pro.local with PID 5050 (/Users/simon/.gradle/caches/modules-2/files-2.1/org.springframework.boot/spring-boot/1.2.3.RELEASE/2601c81786dd8d88fd7e53af1a3950ef45fd5507/spring-boot-1.2.3.RELEASE.jar started by simon in /Users/simon/git-hub/spring-rest-template)
2015-04-21 16:01:00.813  INFO 5050 --- [    Test worker] o.s.w.c.s.GenericWebApplicationContext   : Refreshing org.springframework.web.context.support.GenericWebApplicationContext@50c26564: startup date [Tue Apr 21 16:01:00 KST 2015]; root of context hierarchy
2015-04-21 16:01:02.161  INFO 5050 --- [    Test worker] f.a.AutowiredAnnotationBeanPostProcessor : JSR-330 'javax.inject.Inject' annotation found and supported for autowiring
2015-04-21 16:01:02.314  INFO 5050 --- [    Test worker] trationDelegate$BeanPostProcessorChecker : Bean 'databaseConfig' of type [class com.pylon.configurations.DatabaseConfig$$EnhancerBySpringCGLIB$$a173f3e8] is not eligible for getting processed by all BeanPostProcessors (for example: not eligible for auto-proxying)
2015-04-21 16:01:02.335  INFO 5050 --- [    Test worker] o.s.j.d.e.EmbeddedDatabaseFactory        : Creating embedded database 'testdb'
2015-04-21 16:01:02.450  INFO 5050 --- [    Test worker] trationDelegate$BeanPostProcessorChecker : Bean 'dataSource' of type [class org.springframework.jdbc.datasource.embedded.EmbeddedDatabaseFactory$EmbeddedDataSourceProxy] is not eligible for getting processed by all BeanPostProcessors (for example: not eligible for auto-proxying)
2015-04-21 16:01:02.594  INFO 5050 --- [    Test worker] trationDelegate$BeanPostProcessorChecker : Bean 'sqlSessionFactory' of type [class org.apache.ibatis.session.defaults.DefaultSqlSessionFactory] is not eligible for getting processed by all BeanPostProcessors (for example: not eligible for auto-proxying)
2015-04-21 16:01:02.611  INFO 5050 --- [    Test worker] trationDelegate$BeanPostProcessorChecker : Bean 'bookMapper' of type [class org.mybatis.spring.mapper.MapperFactoryBean] is not eligible for getting processed by all BeanPostProcessors (for example: not eligible for auto-proxying)
2015-04-21 16:01:02.632  INFO 5050 --- [    Test worker] trationDelegate$BeanPostProcessorChecker : Bean 'org.springframework.jms.annotation.JmsBootstrapConfiguration' of type [class org.springframework.jms.annotation.JmsBootstrapConfiguration$$EnhancerBySpringCGLIB$$5d46971] is not eligible for getting processed by all BeanPostProcessors (for example: not eligible for auto-proxying)
2015-04-21 16:01:02.682  INFO 5050 --- [    Test worker] trationDelegate$BeanPostProcessorChecker : Bean 'transactionManager' of type [class org.springframework.jdbc.datasource.DataSourceTransactionManager] is not eligible for getting processed by all BeanPostProcessors (for example: not eligible for auto-proxying)
2015-04-21 16:01:02.684  INFO 5050 --- [    Test worker] trationDelegate$BeanPostProcessorChecker : Bean 'org.springframework.transaction.annotation.ProxyTransactionManagementConfiguration' of type [class org.springframework.transaction.annotation.ProxyTransactionManagementConfiguration$$EnhancerBySpringCGLIB$$57591bce] is not eligible for getting processed by all BeanPostProcessors (for example: not eligible for auto-proxying)
2015-04-21 16:01:02.694  INFO 5050 --- [    Test worker] trationDelegate$BeanPostProcessorChecker : Bean 'transactionAttributeSource' of type [class org.springframework.transaction.annotation.AnnotationTransactionAttributeSource] is not eligible for getting processed by all BeanPostProcessors (for example: not eligible for auto-proxying)
2015-04-21 16:01:02.700  INFO 5050 --- [    Test worker] trationDelegate$BeanPostProcessorChecker : Bean 'transactionInterceptor' of type [class org.springframework.transaction.interceptor.TransactionInterceptor] is not eligible for getting processed by all BeanPostProcessors (for example: not eligible for auto-proxying)
2015-04-21 16:01:02.704  INFO 5050 --- [    Test worker] trationDelegate$BeanPostProcessorChecker : Bean 'org.springframework.transaction.config.internalTransactionAdvisor' of type [class org.springframework.transaction.interceptor.BeanFactoryTransactionAttributeSourceAdvisor] is not eligible for getting processed by all BeanPostProcessors (for example: not eligible for auto-proxying)
2015-04-21 16:01:03.073  INFO 5050 --- [    Test worker] s.w.s.m.m.a.RequestMappingHandlerMapping : Mapped "{[/books],methods=[GET],params=[],headers=[],consumes=[],produces=[],custom=[]}" onto public org.springframework.hateoas.Resources<com.pylon.persistence.domain.BookResource> com.pylon.restful.controller.BookController.getBooks(org.springframework.ui.Model)
2015-04-21 16:01:03.073  INFO 5050 --- [    Test worker] s.w.s.m.m.a.RequestMappingHandlerMapping : Mapped "{[/books/{id}],methods=[GET],params=[],headers=[],consumes=[],produces=[],custom=[]}" onto public com.pylon.persistence.domain.BookResource com.pylon.restful.controller.BookController.getBook(java.lang.Long)
2015-04-21 16:01:03.074  INFO 5050 --- [    Test worker] s.w.s.m.m.a.RequestMappingHandlerMapping : Mapped "{[/books/{id}],methods=[PUT],params=[],headers=[],consumes=[],produces=[],custom=[]}" onto public com.pylon.persistence.domain.Book com.pylon.restful.controller.BookController.updateBook(java.lang.Long,com.pylon.persistence.domain.Book)
2015-04-21 16:01:03.074  INFO 5050 --- [    Test worker] s.w.s.m.m.a.RequestMappingHandlerMapping : Mapped "{[/books/{id}],methods=[DELETE],params=[],headers=[],consumes=[],produces=[],custom=[]}" onto public com.pylon.persistence.domain.Book com.pylon.restful.controller.BookController.deleteBook(java.lang.Long)
2015-04-21 16:01:03.074  INFO 5050 --- [    Test worker] s.w.s.m.m.a.RequestMappingHandlerMapping : Mapped "{[/books],methods=[POST],params=[],headers=[],consumes=[],produces=[],custom=[]}" onto public com.pylon.persistence.domain.Book com.pylon.restful.controller.BookController.createBook(com.pylon.persistence.domain.Book)
2015-04-21 16:01:03.081  INFO 5050 --- [    Test worker] s.w.s.m.m.a.RequestMappingHandlerMapping : Mapped "{[/error],methods=[],params=[],headers=[],consumes=[],produces=[],custom=[]}" onto public org.springframework.http.ResponseEntity<java.util.Map<java.lang.String, java.lang.Object>> org.springframework.boot.autoconfigure.web.BasicErrorController.error(javax.servlet.http.HttpServletRequest)
2015-04-21 16:01:03.082  INFO 5050 --- [    Test worker] s.w.s.m.m.a.RequestMappingHandlerMapping : Mapped "{[/error],methods=[],params=[],headers=[],consumes=[],produces=[text/html],custom=[]}" onto public org.springframework.web.servlet.ModelAndView org.springframework.boot.autoconfigure.web.BasicErrorController.errorHtml(javax.servlet.http.HttpServletRequest)
2015-04-21 16:01:03.331  INFO 5050 --- [    Test worker] o.s.oxm.jaxb.Jaxb2Marshaller             : Creating JAXBContext by scanning packages [com.pylon.restful.*,org.springframework.hateoas]
2015-04-21 16:01:03.464  INFO 5050 --- [    Test worker] s.w.s.m.m.a.RequestMappingHandlerAdapter : Looking for @ControllerAdvice: org.springframework.web.context.support.GenericWebApplicationContext@50c26564: startup date [Tue Apr 21 16:01:00 KST 2015]; root of context hierarchy
2015-04-21 16:01:03.516  INFO 5050 --- [    Test worker] .m.m.a.ExceptionHandlerExceptionResolver : Detected @ExceptionHandler methods in restResponseEntityExceptionHandler
2015-04-21 16:01:04.049  INFO 5050 --- [    Test worker] o.s.b.a.e.mvc.EndpointHandlerMapping     : Mapped "{[/info],methods=[GET],params=[],headers=[],consumes=[],produces=[],custom=[]}" onto public java.lang.Object org.springframework.boot.actuate.endpoint.mvc.EndpointMvcAdapter.invoke()
2015-04-21 16:01:04.049  INFO 5050 --- [    Test worker] o.s.b.a.e.mvc.EndpointHandlerMapping     : Mapped "{[/trace],methods=[GET],params=[],headers=[],consumes=[],produces=[],custom=[]}" onto public java.lang.Object org.springframework.boot.actuate.endpoint.mvc.EndpointMvcAdapter.invoke()
2015-04-21 16:01:04.049  INFO 5050 --- [    Test worker] o.s.b.a.e.mvc.EndpointHandlerMapping     : Mapped "{[/mappings],methods=[GET],params=[],headers=[],consumes=[],produces=[],custom=[]}" onto public java.lang.Object org.springframework.boot.actuate.endpoint.mvc.EndpointMvcAdapter.invoke()
2015-04-21 16:01:04.050  INFO 5050 --- [    Test worker] o.s.b.a.e.mvc.EndpointHandlerMapping     : Mapped "{[/beans],methods=[GET],params=[],headers=[],consumes=[],produces=[],custom=[]}" onto public java.lang.Object org.springframework.boot.actuate.endpoint.mvc.EndpointMvcAdapter.invoke()
2015-04-21 16:01:04.050  INFO 5050 --- [    Test worker] o.s.b.a.e.mvc.EndpointHandlerMapping     : Mapped "{[/health],methods=[],params=[],headers=[],consumes=[],produces=[],custom=[]}" onto public java.lang.Object org.springframework.boot.actuate.endpoint.mvc.HealthMvcEndpoint.invoke(java.security.Principal)
2015-04-21 16:01:04.050  INFO 5050 --- [    Test worker] o.s.b.a.e.mvc.EndpointHandlerMapping     : Mapped "{[/configprops],methods=[GET],params=[],headers=[],consumes=[],produces=[],custom=[]}" onto public java.lang.Object org.springframework.boot.actuate.endpoint.mvc.EndpointMvcAdapter.invoke()
2015-04-21 16:01:04.051  INFO 5050 --- [    Test worker] o.s.b.a.e.mvc.EndpointHandlerMapping     : Mapped "{[/dump],methods=[GET],params=[],headers=[],consumes=[],produces=[],custom=[]}" onto public java.lang.Object org.springframework.boot.actuate.endpoint.mvc.EndpointMvcAdapter.invoke()
2015-04-21 16:01:04.051  INFO 5050 --- [    Test worker] o.s.b.a.e.mvc.EndpointHandlerMapping     : Mapped "{[/shutdown],methods=[POST],params=[],headers=[],consumes=[],produces=[],custom=[]}" onto public java.lang.Object org.springframework.boot.actuate.endpoint.mvc.ShutdownMvcEndpoint.invoke()
2015-04-21 16:01:04.051  INFO 5050 --- [    Test worker] o.s.b.a.e.mvc.EndpointHandlerMapping     : Mapped "{[/env/{name:.*}],methods=[GET],params=[],headers=[],consumes=[],produces=[],custom=[]}" onto public java.lang.Object org.springframework.boot.actuate.endpoint.mvc.EnvironmentMvcEndpoint.value(java.lang.String)
2015-04-21 16:01:04.052  INFO 5050 --- [    Test worker] o.s.b.a.e.mvc.EndpointHandlerMapping     : Mapped "{[/env],methods=[GET],params=[],headers=[],consumes=[],produces=[],custom=[]}" onto public java.lang.Object org.springframework.boot.actuate.endpoint.mvc.EndpointMvcAdapter.invoke()
2015-04-21 16:01:04.052  INFO 5050 --- [    Test worker] o.s.b.a.e.mvc.EndpointHandlerMapping     : Mapped "{[/metrics/{name:.*}],methods=[GET],params=[],headers=[],consumes=[],produces=[],custom=[]}" onto public java.lang.Object org.springframework.boot.actuate.endpoint.mvc.MetricsMvcEndpoint.value(java.lang.String)
2015-04-21 16:01:04.052  INFO 5050 --- [    Test worker] o.s.b.a.e.mvc.EndpointHandlerMapping     : Mapped "{[/metrics],methods=[GET],params=[],headers=[],consumes=[],produces=[],custom=[]}" onto public java.lang.Object org.springframework.boot.actuate.endpoint.mvc.EndpointMvcAdapter.invoke()
2015-04-21 16:01:04.052  INFO 5050 --- [    Test worker] o.s.b.a.e.mvc.EndpointHandlerMapping     : Mapped "{[/autoconfig],methods=[GET],params=[],headers=[],consumes=[],produces=[],custom=[]}" onto public java.lang.Object org.springframework.boot.actuate.endpoint.mvc.EndpointMvcAdapter.invoke()
2015-04-21 16:01:04.155  INFO 5050 --- [    Test worker] o.s.s.web.DefaultSecurityFilterChain     : Creating filter chain: Ant [pattern='/css/**'], []
2015-04-21 16:01:04.155  INFO 5050 --- [    Test worker] o.s.s.web.DefaultSecurityFilterChain     : Creating filter chain: Ant [pattern='/js/**'], []
2015-04-21 16:01:04.155  INFO 5050 --- [    Test worker] o.s.s.web.DefaultSecurityFilterChain     : Creating filter chain: Ant [pattern='/images/**'], []
2015-04-21 16:01:04.155  INFO 5050 --- [    Test worker] o.s.s.web.DefaultSecurityFilterChain     : Creating filter chain: Ant [pattern='/**/favicon.ico'], []
2015-04-21 16:01:04.155  INFO 5050 --- [    Test worker] o.s.s.web.DefaultSecurityFilterChain     : Creating filter chain: Ant [pattern='/error'], []
2015-04-21 16:01:04.191  INFO 5050 --- [    Test worker] o.s.s.web.DefaultSecurityFilterChain     : Creating filter chain: org.springframework.security.web.util.matcher.AnyRequestMatcher@1, [org.springframework.security.web.context.request.async.WebAsyncManagerIntegrationFilter@74ba692b, org.springframework.security.web.context.SecurityContextPersistenceFilter@2b5e5979, org.springframework.security.web.header.HeaderWriterFilter@2514aea8, org.springframework.security.web.csrf.CsrfFilter@4fb9b89f, org.springframework.security.web.authentication.logout.LogoutFilter@4b50996, org.springframework.security.web.authentication.UsernamePasswordAuthenticationFilter@523cf4b7, org.springframework.security.web.authentication.ui.DefaultLoginPageGeneratingFilter@7bc81b5e, org.springframework.security.web.authentication.www.BasicAuthenticationFilter@770b1cdb, org.springframework.security.web.savedrequest.RequestCacheAwareFilter@14f205ce, org.springframework.security.web.servletapi.SecurityContextHolderAwareRequestFilter@4a1d71ee, org.springframework.security.web.authentication.AnonymousAuthenticationFilter@7a4ec1eb, org.springframework.security.web.session.SessionManagementFilter@1d5b21a4, org.springframework.security.web.access.ExceptionTranslationFilter@12765e61, org.springframework.security.web.access.intercept.FilterSecurityInterceptor@60e52f16]
2015-04-21 16:01:04.197  INFO 5050 --- [    Test worker] o.s.s.web.DefaultSecurityFilterChain     : Creating filter chain: OrRequestMatcher [requestMatchers=[Ant [pattern='/info'], Ant [pattern='/info/**'], Ant [pattern='/info.*'], Ant [pattern='/health'], Ant [pattern='/health/**'], Ant [pattern='/health.*'], Ant [pattern='/trace'], Ant [pattern='/trace/**'], Ant [pattern='/trace.*'], Ant [pattern='/beans'], Ant [pattern='/beans/**'], Ant [pattern='/beans.*'], Ant [pattern='/mappings'], Ant [pattern='/mappings/**'], Ant [pattern='/mappings.*'], Ant [pattern='/configprops'], Ant [pattern='/configprops/**'], Ant [pattern='/configprops.*'], Ant [pattern='/dump'], Ant [pattern='/dump/**'], Ant [pattern='/dump.*'], Ant [pattern='/shutdown'], Ant [pattern='/shutdown/**'], Ant [pattern='/shutdown.*'], Ant [pattern='/metrics'], Ant [pattern='/metrics/**'], Ant [pattern='/metrics.*'], Ant [pattern='/env'], Ant [pattern='/env/**'], Ant [pattern='/env.*'], Ant [pattern='/autoconfig'], Ant [pattern='/autoconfig/**'], Ant [pattern='/autoconfig.*']]], [org.springframework.security.web.context.request.async.WebAsyncManagerIntegrationFilter@73f8726, org.springframework.security.web.context.SecurityContextPersistenceFilter@1c4ef130, org.springframework.security.web.header.HeaderWriterFilter@228f1fef, org.springframework.security.web.authentication.logout.LogoutFilter@7aa85ab, org.springframework.security.web.authentication.www.BasicAuthenticationFilter@1e173b71, org.springframework.security.web.savedrequest.RequestCacheAwareFilter@2bc94d5, org.springframework.security.web.servletapi.SecurityContextHolderAwareRequestFilter@2acf2d5a, org.springframework.security.web.authentication.AnonymousAuthenticationFilter@5bc1d381, org.springframework.security.web.session.SessionManagementFilter@627995a2, org.springframework.security.web.access.ExceptionTranslationFilter@58c9b513, org.springframework.security.web.access.intercept.FilterSecurityInterceptor@28b1831e]
2015-04-21 16:01:04.407  INFO 5050 --- [    Test worker] o.s.jdbc.datasource.init.ScriptUtils     : Executing SQL script from URL [file:/Users/simon/git-hub/spring-rest-template/build/resources/main/schema.sql]
2015-04-21 16:01:04.418  INFO 5050 --- [    Test worker] o.s.jdbc.datasource.init.ScriptUtils     : Executed SQL script from URL [file:/Users/simon/git-hub/spring-rest-template/build/resources/main/schema.sql] in 11 ms.
2015-04-21 16:01:04.421  INFO 5050 --- [    Test worker] o.s.jdbc.datasource.init.ScriptUtils     : Executing SQL script from URL [file:/Users/simon/git-hub/spring-rest-template/build/resources/main/data.sql]
2015-04-21 16:01:04.424  INFO 5050 --- [    Test worker] o.s.jdbc.datasource.init.ScriptUtils     : Executed SQL script from URL [file:/Users/simon/git-hub/spring-rest-template/build/resources/main/data.sql] in 3 ms.
2015-04-21 16:01:04.447  INFO 5050 --- [    Test worker] o.s.s.concurrent.ThreadPoolTaskExecutor  : Initializing ExecutorService  'metricsExecutor'
2015-04-21 16:01:04.744  INFO 5050 --- [    Test worker] o.s.c.support.DefaultLifecycleProcessor  : Starting beans in phase 2147483647
2015-04-21 16:01:04.778  INFO 5050 --- [    Test worker] o.s.boot.SpringApplication               : Started application in 4.785 seconds (JVM running for 5.662)
]]></system-out>
  <system-err><![CDATA[]]></system-err>
</testsuite>
