<?xml version="1.0" encoding="UTF-8"?>
<testsuite name="com.flyaway.FlyawayApplicationTest" tests="1" skipped="0" failures="0" errors="0" timestamp="2015-04-21T06:07:07" hostname="simon-ui-MacBook-Pro.local" time="0.003">
  <properties/>
  <testcase name="contextLoads" classname="com.flyaway.FlyawayApplicationTest" time="0.003"/>
  <system-out><![CDATA[15:07:03.034 [Test worker] DEBUG o.s.t.c.j.SpringJUnit4ClassRunner - SpringJUnit4ClassRunner constructor called with [class com.flyaway.FlyawayApplicationTest].
15:07:03.053 [Test worker] DEBUG o.s.test.context.BootstrapUtils - Instantiating TestContextBootstrapper from class [org.springframework.test.context.web.WebTestContextBootstrapper]
15:07:03.072 [Test worker] DEBUG o.s.t.c.w.WebTestContextBootstrapper - Found explicit ContextLoader class [org.springframework.boot.test.SpringApplicationContextLoader] for context configuration attributes [ContextConfigurationAttributes@3016a068 declaringClass = 'com.flyaway.FlyawayApplicationTest', classes = '{class com.flyaway.FlyawayApplication}', locations = '{}', inheritLocations = true, initializers = '{}', inheritInitializers = true, name = [null], contextLoaderClass = 'org.springframework.boot.test.SpringApplicationContextLoader']
15:07:03.080 [Test worker] DEBUG o.s.t.c.support.ActiveProfilesUtils - Could not find an 'annotation declaring class' for annotation type [org.springframework.test.context.ActiveProfiles] and class [com.flyaway.FlyawayApplicationTest]
15:07:03.083 [Test worker] DEBUG o.s.t.c.w.WebTestContextBootstrapper - @TestExecutionListeners is not present for class [com.flyaway.FlyawayApplicationTest]: using defaults.
15:07:03.092 [Test worker] INFO  o.s.t.c.w.WebTestContextBootstrapper - Loaded default TestExecutionListener class names from location [META-INF/spring.factories]: [org.springframework.test.context.web.ServletTestExecutionListener, org.springframework.test.context.support.DependencyInjectionTestExecutionListener, org.springframework.test.context.support.DirtiesContextTestExecutionListener, org.springframework.test.context.transaction.TransactionalTestExecutionListener, org.springframework.test.context.jdbc.SqlScriptsTestExecutionListener]
15:07:03.110 [Test worker] INFO  o.s.t.c.w.WebTestContextBootstrapper - Using TestExecutionListeners: [org.springframework.test.context.web.ServletTestExecutionListener@7787d5ed, org.springframework.test.context.support.DependencyInjectionTestExecutionListener@76edf7e9, org.springframework.test.context.support.DirtiesContextTestExecutionListener@12f1eff, org.springframework.test.context.transaction.TransactionalTestExecutionListener@3c9bf7f4, org.springframework.test.context.jdbc.SqlScriptsTestExecutionListener@23b3d342]
15:07:03.113 [Test worker] DEBUG o.s.t.annotation.ProfileValueUtils - Retrieved @ProfileValueSourceConfiguration [null] for test class [com.flyaway.FlyawayApplicationTest]
15:07:03.113 [Test worker] DEBUG o.s.t.annotation.ProfileValueUtils - Retrieved ProfileValueSource type [class org.springframework.test.annotation.SystemProfileValueSource] for class [com.flyaway.FlyawayApplicationTest]
15:07:03.116 [Test worker] DEBUG o.s.t.annotation.ProfileValueUtils - Retrieved @ProfileValueSourceConfiguration [null] for test class [com.flyaway.FlyawayApplicationTest]
15:07:03.116 [Test worker] DEBUG o.s.t.annotation.ProfileValueUtils - Retrieved ProfileValueSource type [class org.springframework.test.annotation.SystemProfileValueSource] for class [com.flyaway.FlyawayApplicationTest]
15:07:03.117 [Test worker] DEBUG o.s.t.annotation.ProfileValueUtils - Retrieved @ProfileValueSourceConfiguration [null] for test class [com.flyaway.FlyawayApplicationTest]
15:07:03.117 [Test worker] DEBUG o.s.t.annotation.ProfileValueUtils - Retrieved ProfileValueSource type [class org.springframework.test.annotation.SystemProfileValueSource] for class [com.flyaway.FlyawayApplicationTest]
15:07:03.119 [Test worker] DEBUG o.s.t.annotation.ProfileValueUtils - Retrieved @ProfileValueSourceConfiguration [null] for test class [com.flyaway.FlyawayApplicationTest]
15:07:03.119 [Test worker] DEBUG o.s.t.annotation.ProfileValueUtils - Retrieved ProfileValueSource type [class org.springframework.test.annotation.SystemProfileValueSource] for class [com.flyaway.FlyawayApplicationTest]
15:07:03.203 [Test worker] DEBUG o.s.core.env.StandardEnvironment - Adding [systemProperties] PropertySource with lowest search precedence
15:07:03.204 [Test worker] DEBUG o.s.core.env.StandardEnvironment - Adding [systemEnvironment] PropertySource with lowest search precedence
15:07:03.204 [Test worker] DEBUG o.s.core.env.StandardEnvironment - Initialized StandardEnvironment with PropertySources [systemProperties,systemEnvironment]
15:07:03.206 [Test worker] DEBUG o.s.core.env.StandardEnvironment - Adding [integrationTest] PropertySource with search precedence immediately lower than [systemEnvironment]

  .   ____          _            __ _ _
 /\\ / ___'_ __ _ _(_)_ __  __ _ \ \ \ \
( ( )\___ | '_ | '_| | '_ \/ _` | \ \ \ \
 \\/  ___)| |_)| | | | | || (_| |  ) ) ) )
  '  |____| .__|_| |_|_| |_\__, | / / / /
 =========|_|==============|___/=/_/_/_/
 :: Spring Boot ::        (v1.2.3.RELEASE)

2015-04-21 15:07:03.969  INFO 4291 --- [    Test worker] o.s.boot.SpringApplication               : Starting application on simon-ui-MacBook-Pro.local with PID 4291 (/Users/simon/.gradle/caches/modules-2/files-2.1/org.springframework.boot/spring-boot/1.2.3.RELEASE/2601c81786dd8d88fd7e53af1a3950ef45fd5507/spring-boot-1.2.3.RELEASE.jar started by simon in /Users/simon/git-hub/spring-rest-template)
2015-04-21 15:07:04.021  INFO 4291 --- [    Test worker] o.s.w.c.s.GenericWebApplicationContext   : Refreshing org.springframework.web.context.support.GenericWebApplicationContext@6e8362dc: startup date [Tue Apr 21 15:07:04 KST 2015]; root of context hierarchy
2015-04-21 15:07:05.378  INFO 4291 --- [    Test worker] f.a.AutowiredAnnotationBeanPostProcessor : JSR-330 'javax.inject.Inject' annotation found and supported for autowiring
2015-04-21 15:07:05.522  INFO 4291 --- [    Test worker] trationDelegate$BeanPostProcessorChecker : Bean 'databaseConfig' of type [class com.flyaway.configurations.DatabaseConfig$$EnhancerBySpringCGLIB$$495dadb5] is not eligible for getting processed by all BeanPostProcessors (for example: not eligible for auto-proxying)
2015-04-21 15:07:05.542  INFO 4291 --- [    Test worker] o.s.j.d.e.EmbeddedDatabaseFactory        : Creating embedded database 'testdb'
2015-04-21 15:07:05.658  INFO 4291 --- [    Test worker] trationDelegate$BeanPostProcessorChecker : Bean 'dataSource' of type [class org.springframework.jdbc.datasource.embedded.EmbeddedDatabaseFactory$EmbeddedDataSourceProxy] is not eligible for getting processed by all BeanPostProcessors (for example: not eligible for auto-proxying)
2015-04-21 15:07:05.801  INFO 4291 --- [    Test worker] trationDelegate$BeanPostProcessorChecker : Bean 'sqlSessionFactory' of type [class org.apache.ibatis.session.defaults.DefaultSqlSessionFactory] is not eligible for getting processed by all BeanPostProcessors (for example: not eligible for auto-proxying)
2015-04-21 15:07:05.822  INFO 4291 --- [    Test worker] trationDelegate$BeanPostProcessorChecker : Bean 'bookMapper' of type [class org.mybatis.spring.mapper.MapperFactoryBean] is not eligible for getting processed by all BeanPostProcessors (for example: not eligible for auto-proxying)
2015-04-21 15:07:05.842  INFO 4291 --- [    Test worker] trationDelegate$BeanPostProcessorChecker : Bean 'org.springframework.jms.annotation.JmsBootstrapConfiguration' of type [class org.springframework.jms.annotation.JmsBootstrapConfiguration$$EnhancerBySpringCGLIB$$9fced5ff] is not eligible for getting processed by all BeanPostProcessors (for example: not eligible for auto-proxying)
2015-04-21 15:07:05.892  INFO 4291 --- [    Test worker] trationDelegate$BeanPostProcessorChecker : Bean 'transactionManager' of type [class org.springframework.jdbc.datasource.DataSourceTransactionManager] is not eligible for getting processed by all BeanPostProcessors (for example: not eligible for auto-proxying)
2015-04-21 15:07:05.894  INFO 4291 --- [    Test worker] trationDelegate$BeanPostProcessorChecker : Bean 'org.springframework.transaction.annotation.ProxyTransactionManagementConfiguration' of type [class org.springframework.transaction.annotation.ProxyTransactionManagementConfiguration$$EnhancerBySpringCGLIB$$f153885c] is not eligible for getting processed by all BeanPostProcessors (for example: not eligible for auto-proxying)
2015-04-21 15:07:05.904  INFO 4291 --- [    Test worker] trationDelegate$BeanPostProcessorChecker : Bean 'transactionAttributeSource' of type [class org.springframework.transaction.annotation.AnnotationTransactionAttributeSource] is not eligible for getting processed by all BeanPostProcessors (for example: not eligible for auto-proxying)
2015-04-21 15:07:05.910  INFO 4291 --- [    Test worker] trationDelegate$BeanPostProcessorChecker : Bean 'transactionInterceptor' of type [class org.springframework.transaction.interceptor.TransactionInterceptor] is not eligible for getting processed by all BeanPostProcessors (for example: not eligible for auto-proxying)
2015-04-21 15:07:05.914  INFO 4291 --- [    Test worker] trationDelegate$BeanPostProcessorChecker : Bean 'org.springframework.transaction.config.internalTransactionAdvisor' of type [class org.springframework.transaction.interceptor.BeanFactoryTransactionAttributeSourceAdvisor] is not eligible for getting processed by all BeanPostProcessors (for example: not eligible for auto-proxying)
2015-04-21 15:07:06.281  INFO 4291 --- [    Test worker] s.w.s.m.m.a.RequestMappingHandlerMapping : Mapped "{[/books],methods=[GET],params=[],headers=[],consumes=[],produces=[],custom=[]}" onto public org.springframework.hateoas.Resources<com.flyaway.restful.domain.BookResource> com.flyaway.restful.controller.BookController.getBooks(org.springframework.ui.Model)
2015-04-21 15:07:06.282  INFO 4291 --- [    Test worker] s.w.s.m.m.a.RequestMappingHandlerMapping : Mapped "{[/books/{id}],methods=[GET],params=[],headers=[],consumes=[],produces=[],custom=[]}" onto public com.flyaway.restful.domain.BookResource com.flyaway.restful.controller.BookController.getBook(java.lang.Long)
2015-04-21 15:07:06.282  INFO 4291 --- [    Test worker] s.w.s.m.m.a.RequestMappingHandlerMapping : Mapped "{[/books],methods=[POST],params=[],headers=[],consumes=[],produces=[],custom=[]}" onto public com.flyaway.common.domain.Book com.flyaway.restful.controller.BookController.createBook(com.flyaway.common.domain.Book)
2015-04-21 15:07:06.282  INFO 4291 --- [    Test worker] s.w.s.m.m.a.RequestMappingHandlerMapping : Mapped "{[/books/{id}],methods=[PUT],params=[],headers=[],consumes=[],produces=[],custom=[]}" onto public com.flyaway.common.domain.Book com.flyaway.restful.controller.BookController.updateBook(java.lang.Long,com.flyaway.common.domain.Book)
2015-04-21 15:07:06.282  INFO 4291 --- [    Test worker] s.w.s.m.m.a.RequestMappingHandlerMapping : Mapped "{[/books/{id}],methods=[DELETE],params=[],headers=[],consumes=[],produces=[],custom=[]}" onto public com.flyaway.common.domain.Book com.flyaway.restful.controller.BookController.deleteBook(java.lang.Long)
2015-04-21 15:07:06.290  INFO 4291 --- [    Test worker] s.w.s.m.m.a.RequestMappingHandlerMapping : Mapped "{[/error],methods=[],params=[],headers=[],consumes=[],produces=[],custom=[]}" onto public org.springframework.http.ResponseEntity<java.util.Map<java.lang.String, java.lang.Object>> org.springframework.boot.autoconfigure.web.BasicErrorController.error(javax.servlet.http.HttpServletRequest)
2015-04-21 15:07:06.290  INFO 4291 --- [    Test worker] s.w.s.m.m.a.RequestMappingHandlerMapping : Mapped "{[/error],methods=[],params=[],headers=[],consumes=[],produces=[text/html],custom=[]}" onto public org.springframework.web.servlet.ModelAndView org.springframework.boot.autoconfigure.web.BasicErrorController.errorHtml(javax.servlet.http.HttpServletRequest)
2015-04-21 15:07:06.545  INFO 4291 --- [    Test worker] o.s.oxm.jaxb.Jaxb2Marshaller             : Creating JAXBContext by scanning packages [com.flyaway.restful.*,org.springframework.hateoas]
2015-04-21 15:07:06.678  INFO 4291 --- [    Test worker] s.w.s.m.m.a.RequestMappingHandlerAdapter : Looking for @ControllerAdvice: org.springframework.web.context.support.GenericWebApplicationContext@6e8362dc: startup date [Tue Apr 21 15:07:04 KST 2015]; root of context hierarchy
2015-04-21 15:07:06.729  INFO 4291 --- [    Test worker] .m.m.a.ExceptionHandlerExceptionResolver : Detected @ExceptionHandler methods in restResponseEntityExceptionHandler
2015-04-21 15:07:07.232  INFO 4291 --- [    Test worker] o.s.b.a.e.mvc.EndpointHandlerMapping     : Mapped "{[/beans],methods=[GET],params=[],headers=[],consumes=[],produces=[],custom=[]}" onto public java.lang.Object org.springframework.boot.actuate.endpoint.mvc.EndpointMvcAdapter.invoke()
2015-04-21 15:07:07.233  INFO 4291 --- [    Test worker] o.s.b.a.e.mvc.EndpointHandlerMapping     : Mapped "{[/env/{name:.*}],methods=[GET],params=[],headers=[],consumes=[],produces=[],custom=[]}" onto public java.lang.Object org.springframework.boot.actuate.endpoint.mvc.EnvironmentMvcEndpoint.value(java.lang.String)
2015-04-21 15:07:07.233  INFO 4291 --- [    Test worker] o.s.b.a.e.mvc.EndpointHandlerMapping     : Mapped "{[/env],methods=[GET],params=[],headers=[],consumes=[],produces=[],custom=[]}" onto public java.lang.Object org.springframework.boot.actuate.endpoint.mvc.EndpointMvcAdapter.invoke()
2015-04-21 15:07:07.233  INFO 4291 --- [    Test worker] o.s.b.a.e.mvc.EndpointHandlerMapping     : Mapped "{[/trace],methods=[GET],params=[],headers=[],consumes=[],produces=[],custom=[]}" onto public java.lang.Object org.springframework.boot.actuate.endpoint.mvc.EndpointMvcAdapter.invoke()
2015-04-21 15:07:07.234  INFO 4291 --- [    Test worker] o.s.b.a.e.mvc.EndpointHandlerMapping     : Mapped "{[/shutdown],methods=[POST],params=[],headers=[],consumes=[],produces=[],custom=[]}" onto public java.lang.Object org.springframework.boot.actuate.endpoint.mvc.ShutdownMvcEndpoint.invoke()
2015-04-21 15:07:07.234  INFO 4291 --- [    Test worker] o.s.b.a.e.mvc.EndpointHandlerMapping     : Mapped "{[/mappings],methods=[GET],params=[],headers=[],consumes=[],produces=[],custom=[]}" onto public java.lang.Object org.springframework.boot.actuate.endpoint.mvc.EndpointMvcAdapter.invoke()
2015-04-21 15:07:07.234  INFO 4291 --- [    Test worker] o.s.b.a.e.mvc.EndpointHandlerMapping     : Mapped "{[/health],methods=[],params=[],headers=[],consumes=[],produces=[],custom=[]}" onto public java.lang.Object org.springframework.boot.actuate.endpoint.mvc.HealthMvcEndpoint.invoke(java.security.Principal)
2015-04-21 15:07:07.235  INFO 4291 --- [    Test worker] o.s.b.a.e.mvc.EndpointHandlerMapping     : Mapped "{[/autoconfig],methods=[GET],params=[],headers=[],consumes=[],produces=[],custom=[]}" onto public java.lang.Object org.springframework.boot.actuate.endpoint.mvc.EndpointMvcAdapter.invoke()
2015-04-21 15:07:07.235  INFO 4291 --- [    Test worker] o.s.b.a.e.mvc.EndpointHandlerMapping     : Mapped "{[/configprops],methods=[GET],params=[],headers=[],consumes=[],produces=[],custom=[]}" onto public java.lang.Object org.springframework.boot.actuate.endpoint.mvc.EndpointMvcAdapter.invoke()
2015-04-21 15:07:07.235  INFO 4291 --- [    Test worker] o.s.b.a.e.mvc.EndpointHandlerMapping     : Mapped "{[/dump],methods=[GET],params=[],headers=[],consumes=[],produces=[],custom=[]}" onto public java.lang.Object org.springframework.boot.actuate.endpoint.mvc.EndpointMvcAdapter.invoke()
2015-04-21 15:07:07.235  INFO 4291 --- [    Test worker] o.s.b.a.e.mvc.EndpointHandlerMapping     : Mapped "{[/info],methods=[GET],params=[],headers=[],consumes=[],produces=[],custom=[]}" onto public java.lang.Object org.springframework.boot.actuate.endpoint.mvc.EndpointMvcAdapter.invoke()
2015-04-21 15:07:07.236  INFO 4291 --- [    Test worker] o.s.b.a.e.mvc.EndpointHandlerMapping     : Mapped "{[/metrics/{name:.*}],methods=[GET],params=[],headers=[],consumes=[],produces=[],custom=[]}" onto public java.lang.Object org.springframework.boot.actuate.endpoint.mvc.MetricsMvcEndpoint.value(java.lang.String)
2015-04-21 15:07:07.236  INFO 4291 --- [    Test worker] o.s.b.a.e.mvc.EndpointHandlerMapping     : Mapped "{[/metrics],methods=[GET],params=[],headers=[],consumes=[],produces=[],custom=[]}" onto public java.lang.Object org.springframework.boot.actuate.endpoint.mvc.EndpointMvcAdapter.invoke()
2015-04-21 15:07:07.338  INFO 4291 --- [    Test worker] o.s.s.web.DefaultSecurityFilterChain     : Creating filter chain: Ant [pattern='/css/**'], []
2015-04-21 15:07:07.338  INFO 4291 --- [    Test worker] o.s.s.web.DefaultSecurityFilterChain     : Creating filter chain: Ant [pattern='/js/**'], []
2015-04-21 15:07:07.338  INFO 4291 --- [    Test worker] o.s.s.web.DefaultSecurityFilterChain     : Creating filter chain: Ant [pattern='/images/**'], []
2015-04-21 15:07:07.338  INFO 4291 --- [    Test worker] o.s.s.web.DefaultSecurityFilterChain     : Creating filter chain: Ant [pattern='/**/favicon.ico'], []
2015-04-21 15:07:07.338  INFO 4291 --- [    Test worker] o.s.s.web.DefaultSecurityFilterChain     : Creating filter chain: Ant [pattern='/error'], []
2015-04-21 15:07:07.371  INFO 4291 --- [    Test worker] o.s.s.web.DefaultSecurityFilterChain     : Creating filter chain: org.springframework.security.web.util.matcher.AnyRequestMatcher@1, [org.springframework.security.web.context.request.async.WebAsyncManagerIntegrationFilter@70533bef, org.springframework.security.web.context.SecurityContextPersistenceFilter@4fc62b36, org.springframework.security.web.header.HeaderWriterFilter@65037e6a, org.springframework.security.web.csrf.CsrfFilter@63c86506, org.springframework.security.web.authentication.logout.LogoutFilter@2514aea8, org.springframework.security.web.authentication.UsernamePasswordAuthenticationFilter@2531be40, org.springframework.security.web.authentication.ui.DefaultLoginPageGeneratingFilter@7a2bf7eb, org.springframework.security.web.authentication.www.BasicAuthenticationFilter@ed7f248, org.springframework.security.web.savedrequest.RequestCacheAwareFilter@8fb3349, org.springframework.security.web.servletapi.SecurityContextHolderAwareRequestFilter@4e4e403e, org.springframework.security.web.authentication.AnonymousAuthenticationFilter@68840185, org.springframework.security.web.session.SessionManagementFilter@3cd385f2, org.springframework.security.web.access.ExceptionTranslationFilter@7dcf6cfa, org.springframework.security.web.access.intercept.FilterSecurityInterceptor@3183a45e]
2015-04-21 15:07:07.377  INFO 4291 --- [    Test worker] o.s.s.web.DefaultSecurityFilterChain     : Creating filter chain: OrRequestMatcher [requestMatchers=[Ant [pattern='/health'], Ant [pattern='/health/**'], Ant [pattern='/health.*'], Ant [pattern='/info'], Ant [pattern='/info/**'], Ant [pattern='/info.*'], Ant [pattern='/beans'], Ant [pattern='/beans/**'], Ant [pattern='/beans.*'], Ant [pattern='/env'], Ant [pattern='/env/**'], Ant [pattern='/env.*'], Ant [pattern='/trace'], Ant [pattern='/trace/**'], Ant [pattern='/trace.*'], Ant [pattern='/mappings'], Ant [pattern='/mappings/**'], Ant [pattern='/mappings.*'], Ant [pattern='/shutdown'], Ant [pattern='/shutdown/**'], Ant [pattern='/shutdown.*'], Ant [pattern='/autoconfig'], Ant [pattern='/autoconfig/**'], Ant [pattern='/autoconfig.*'], Ant [pattern='/configprops'], Ant [pattern='/configprops/**'], Ant [pattern='/configprops.*'], Ant [pattern='/dump'], Ant [pattern='/dump/**'], Ant [pattern='/dump.*'], Ant [pattern='/metrics'], Ant [pattern='/metrics/**'], Ant [pattern='/metrics.*']]], [org.springframework.security.web.context.request.async.WebAsyncManagerIntegrationFilter@74ba692b, org.springframework.security.web.context.SecurityContextPersistenceFilter@17e006d6, org.springframework.security.web.header.HeaderWriterFilter@4fd89f78, org.springframework.security.web.authentication.logout.LogoutFilter@7681db0d, org.springframework.security.web.authentication.www.BasicAuthenticationFilter@7a93aaeb, org.springframework.security.web.savedrequest.RequestCacheAwareFilter@74e0d7d8, org.springframework.security.web.servletapi.SecurityContextHolderAwareRequestFilter@557ae1da, org.springframework.security.web.authentication.AnonymousAuthenticationFilter@7a4ec1eb, org.springframework.security.web.session.SessionManagementFilter@16cda83c, org.springframework.security.web.access.ExceptionTranslationFilter@6d8f2161, org.springframework.security.web.access.intercept.FilterSecurityInterceptor@770b1cdb]
2015-04-21 15:07:07.576  INFO 4291 --- [    Test worker] o.s.jdbc.datasource.init.ScriptUtils     : Executing SQL script from URL [file:/Users/simon/git-hub/spring-rest-template/build/resources/main/schema.sql]
2015-04-21 15:07:07.587  INFO 4291 --- [    Test worker] o.s.jdbc.datasource.init.ScriptUtils     : Executed SQL script from URL [file:/Users/simon/git-hub/spring-rest-template/build/resources/main/schema.sql] in 11 ms.
2015-04-21 15:07:07.590  INFO 4291 --- [    Test worker] o.s.jdbc.datasource.init.ScriptUtils     : Executing SQL script from URL [file:/Users/simon/git-hub/spring-rest-template/build/resources/main/data.sql]
2015-04-21 15:07:07.593  INFO 4291 --- [    Test worker] o.s.jdbc.datasource.init.ScriptUtils     : Executed SQL script from URL [file:/Users/simon/git-hub/spring-rest-template/build/resources/main/data.sql] in 3 ms.
2015-04-21 15:07:07.615  INFO 4291 --- [    Test worker] o.s.s.concurrent.ThreadPoolTaskExecutor  : Initializing ExecutorService  'metricsExecutor'
2015-04-21 15:07:07.906  INFO 4291 --- [    Test worker] o.s.c.support.DefaultLifecycleProcessor  : Starting beans in phase 2147483647
2015-04-21 15:07:07.940  INFO 4291 --- [    Test worker] o.s.boot.SpringApplication               : Started application in 4.726 seconds (JVM running for 5.625)
]]></system-out>
  <system-err><![CDATA[]]></system-err>
</testsuite>
