<?xml version="1.0" encoding="UTF-8"?>
<testsuite name="com.pylon.VaultApplicationTest" tests="1" skipped="0" failures="0" errors="0" timestamp="2015-04-22T11:57:33" hostname="simon-ui-MacBook-Pro.local" time="0.004">
  <properties/>
  <testcase name="contextLoads" classname="com.pylon.VaultApplicationTest" time="0.004"/>
  <system-out><![CDATA[20:57:27.203 [Test worker] DEBUG o.s.t.c.j.SpringJUnit4ClassRunner - SpringJUnit4ClassRunner constructor called with [class com.pylon.VaultApplicationTest].
20:57:27.223 [Test worker] DEBUG o.s.test.context.BootstrapUtils - Instantiating TestContextBootstrapper from class [org.springframework.test.context.web.WebTestContextBootstrapper]
20:57:27.245 [Test worker] DEBUG o.s.t.c.w.WebTestContextBootstrapper - Found explicit ContextLoader class [org.springframework.boot.test.SpringApplicationContextLoader] for context configuration attributes [ContextConfigurationAttributes@56f9d3e5 declaringClass = 'com.pylon.VaultApplicationTest', classes = '{class com.pylon.VaultApplication}', locations = '{}', inheritLocations = true, initializers = '{}', inheritInitializers = true, name = [null], contextLoaderClass = 'org.springframework.boot.test.SpringApplicationContextLoader']
20:57:27.253 [Test worker] DEBUG o.s.t.c.support.ActiveProfilesUtils - Could not find an 'annotation declaring class' for annotation type [org.springframework.test.context.ActiveProfiles] and class [com.pylon.VaultApplicationTest]
20:57:27.258 [Test worker] DEBUG o.s.t.c.w.WebTestContextBootstrapper - @TestExecutionListeners is not present for class [com.pylon.VaultApplicationTest]: using defaults.
20:57:27.268 [Test worker] INFO  o.s.t.c.w.WebTestContextBootstrapper - Loaded default TestExecutionListener class names from location [META-INF/spring.factories]: [org.springframework.test.context.web.ServletTestExecutionListener, org.springframework.test.context.support.DependencyInjectionTestExecutionListener, org.springframework.test.context.support.DirtiesContextTestExecutionListener, org.springframework.test.context.transaction.TransactionalTestExecutionListener, org.springframework.test.context.jdbc.SqlScriptsTestExecutionListener]
20:57:27.289 [Test worker] INFO  o.s.t.c.w.WebTestContextBootstrapper - Using TestExecutionListeners: [org.springframework.test.context.web.ServletTestExecutionListener@34a433d8, org.springframework.test.context.support.DependencyInjectionTestExecutionListener@847c4e8, org.springframework.test.context.support.DirtiesContextTestExecutionListener@1fd05f97, org.springframework.test.context.transaction.TransactionalTestExecutionListener@2933c2d2, org.springframework.test.context.jdbc.SqlScriptsTestExecutionListener@53b7e20]
20:57:27.292 [Test worker] DEBUG o.s.t.annotation.ProfileValueUtils - Retrieved @ProfileValueSourceConfiguration [null] for test class [com.pylon.VaultApplicationTest]
20:57:27.293 [Test worker] DEBUG o.s.t.annotation.ProfileValueUtils - Retrieved ProfileValueSource type [class org.springframework.test.annotation.SystemProfileValueSource] for class [com.pylon.VaultApplicationTest]
20:57:27.296 [Test worker] DEBUG o.s.t.annotation.ProfileValueUtils - Retrieved @ProfileValueSourceConfiguration [null] for test class [com.pylon.VaultApplicationTest]
20:57:27.296 [Test worker] DEBUG o.s.t.annotation.ProfileValueUtils - Retrieved ProfileValueSource type [class org.springframework.test.annotation.SystemProfileValueSource] for class [com.pylon.VaultApplicationTest]
20:57:27.297 [Test worker] DEBUG o.s.t.annotation.ProfileValueUtils - Retrieved @ProfileValueSourceConfiguration [null] for test class [com.pylon.VaultApplicationTest]
20:57:27.298 [Test worker] DEBUG o.s.t.annotation.ProfileValueUtils - Retrieved ProfileValueSource type [class org.springframework.test.annotation.SystemProfileValueSource] for class [com.pylon.VaultApplicationTest]
20:57:27.300 [Test worker] DEBUG o.s.t.annotation.ProfileValueUtils - Retrieved @ProfileValueSourceConfiguration [null] for test class [com.pylon.VaultApplicationTest]
20:57:27.300 [Test worker] DEBUG o.s.t.annotation.ProfileValueUtils - Retrieved ProfileValueSource type [class org.springframework.test.annotation.SystemProfileValueSource] for class [com.pylon.VaultApplicationTest]
20:57:27.387 [Test worker] DEBUG o.s.core.env.StandardEnvironment - Adding [systemProperties] PropertySource with lowest search precedence
20:57:27.389 [Test worker] DEBUG o.s.core.env.StandardEnvironment - Adding [systemEnvironment] PropertySource with lowest search precedence
20:57:27.389 [Test worker] DEBUG o.s.core.env.StandardEnvironment - Initialized StandardEnvironment with PropertySources [systemProperties,systemEnvironment]
20:57:27.390 [Test worker] DEBUG o.s.core.env.StandardEnvironment - Adding [integrationTest] PropertySource with search precedence immediately lower than [systemEnvironment]

  .   ____          _            __ _ _
 /\\ / ___'_ __ _ _(_)_ __  __ _ \ \ \ \
( ( )\___ | '_ | '_| | '_ \/ _` | \ \ \ \
 \\/  ___)| |_)| | | | | || (_| |  ) ) ) )
  '  |____| .__|_| |_|_| |_\__, | / / / /
 =========|_|==============|___/=/_/_/_/
 :: Spring Boot ::        (v1.2.3.RELEASE)

2015-04-22 20:57:27.590  INFO 1719 --- [    Test worker] o.s.boot.SpringApplication               : Starting application on simon-ui-MacBook-Pro.local with PID 1719 (/Users/simon/.gradle/caches/modules-2/files-2.1/org.springframework.boot/spring-boot/1.2.3.RELEASE/2601c81786dd8d88fd7e53af1a3950ef45fd5507/spring-boot-1.2.3.RELEASE.jar started by simon in /Users/simon/git-hub/spring-rest-template)
2015-04-22 20:57:27.889  INFO 1719 --- [    Test worker] o.s.w.c.s.GenericWebApplicationContext   : Refreshing org.springframework.web.context.support.GenericWebApplicationContext@7b2fe415: startup date [Wed Apr 22 20:57:27 KST 2015]; root of context hierarchy
2015-04-22 20:57:29.006  INFO 1719 --- [    Test worker] o.s.b.f.s.DefaultListableBeanFactory     : Overriding bean definition for bean 'dataSource': replacing [Root bean: class [null]; scope=; abstract=false; lazyInit=false; autowireMode=3; dependencyCheck=0; autowireCandidate=true; primary=false; factoryBeanName=org.springframework.boot.autoconfigure.jdbc.DataSourceAutoConfiguration$NonEmbeddedConfiguration; factoryMethodName=dataSource; initMethodName=null; destroyMethodName=(inferred); defined in class path resource [org/springframework/boot/autoconfigure/jdbc/DataSourceAutoConfiguration$NonEmbeddedConfiguration.class]] with [Root bean: class [null]; scope=; abstract=false; lazyInit=false; autowireMode=3; dependencyCheck=0; autowireCandidate=true; primary=false; factoryBeanName=databaseConfiguration; factoryMethodName=dataSource; initMethodName=null; destroyMethodName=(inferred); defined in class path resource [com/pylon/configuration/DatabaseConfiguration.class]]
2015-04-22 20:57:29.589  INFO 1719 --- [    Test worker] f.a.AutowiredAnnotationBeanPostProcessor : JSR-330 'javax.inject.Inject' annotation found and supported for autowiring
2015-04-22 20:57:29.764  INFO 1719 --- [    Test worker] trationDelegate$BeanPostProcessorChecker : Bean 'databaseConfiguration' of type [class com.pylon.configuration.DatabaseConfiguration$$EnhancerBySpringCGLIB$$849985a7] is not eligible for getting processed by all BeanPostProcessors (for example: not eligible for auto-proxying)
2015-04-22 20:57:29.789  INFO 1719 --- [    Test worker] o.s.j.d.DriverManagerDataSource          : Loaded JDBC driver: com.mysql.jdbc.Driver
2015-04-22 20:57:29.794  INFO 1719 --- [    Test worker] trationDelegate$BeanPostProcessorChecker : Bean 'dataSource' of type [class org.springframework.jdbc.datasource.DriverManagerDataSource] is not eligible for getting processed by all BeanPostProcessors (for example: not eligible for auto-proxying)
2015-04-22 20:57:29.930  INFO 1719 --- [    Test worker] trationDelegate$BeanPostProcessorChecker : Bean 'sqlSessionFactory' of type [class org.apache.ibatis.session.defaults.DefaultSqlSessionFactory] is not eligible for getting processed by all BeanPostProcessors (for example: not eligible for auto-proxying)
2015-04-22 20:57:29.951  INFO 1719 --- [    Test worker] trationDelegate$BeanPostProcessorChecker : Bean 'bookMapper' of type [class org.mybatis.spring.mapper.MapperFactoryBean] is not eligible for getting processed by all BeanPostProcessors (for example: not eligible for auto-proxying)
2015-04-22 20:57:29.972  INFO 1719 --- [    Test worker] trationDelegate$BeanPostProcessorChecker : Bean 'org.springframework.jms.annotation.JmsBootstrapConfiguration' of type [class org.springframework.jms.annotation.JmsBootstrapConfiguration$$EnhancerBySpringCGLIB$$94e789db] is not eligible for getting processed by all BeanPostProcessors (for example: not eligible for auto-proxying)
2015-04-22 20:57:30.023  INFO 1719 --- [    Test worker] trationDelegate$BeanPostProcessorChecker : Bean 'org.springframework.transaction.annotation.ProxyTransactionManagementConfiguration' of type [class org.springframework.transaction.annotation.ProxyTransactionManagementConfiguration$$EnhancerBySpringCGLIB$$e66c3c38] is not eligible for getting processed by all BeanPostProcessors (for example: not eligible for auto-proxying)
2015-04-22 20:57:30.034  INFO 1719 --- [    Test worker] trationDelegate$BeanPostProcessorChecker : Bean 'transactionAttributeSource' of type [class org.springframework.transaction.annotation.AnnotationTransactionAttributeSource] is not eligible for getting processed by all BeanPostProcessors (for example: not eligible for auto-proxying)
2015-04-22 20:57:30.041  INFO 1719 --- [    Test worker] trationDelegate$BeanPostProcessorChecker : Bean 'transactionInterceptor' of type [class org.springframework.transaction.interceptor.TransactionInterceptor] is not eligible for getting processed by all BeanPostProcessors (for example: not eligible for auto-proxying)
2015-04-22 20:57:30.046  INFO 1719 --- [    Test worker] trationDelegate$BeanPostProcessorChecker : Bean 'org.springframework.transaction.config.internalTransactionAdvisor' of type [class org.springframework.transaction.interceptor.BeanFactoryTransactionAttributeSourceAdvisor] is not eligible for getting processed by all BeanPostProcessors (for example: not eligible for auto-proxying)
2015-04-22 20:57:30.391  INFO 1719 --- [    Test worker] s.w.s.m.m.a.RequestMappingHandlerMapping : Mapped "{[/books],methods=[GET],params=[],headers=[],consumes=[],produces=[],custom=[]}" onto public org.springframework.hateoas.Resources<com.pylon.persistence.mybatis.domain.BookResource> com.pylon.controller.BookController.getBooks(org.springframework.ui.Model)
2015-04-22 20:57:30.391  INFO 1719 --- [    Test worker] s.w.s.m.m.a.RequestMappingHandlerMapping : Mapped "{[/books/{id}],methods=[GET],params=[],headers=[],consumes=[],produces=[],custom=[]}" onto public com.pylon.persistence.mybatis.domain.BookResource com.pylon.controller.BookController.getBook(java.lang.Long)
2015-04-22 20:57:30.391  INFO 1719 --- [    Test worker] s.w.s.m.m.a.RequestMappingHandlerMapping : Mapped "{[/books],methods=[POST],params=[],headers=[],consumes=[],produces=[],custom=[]}" onto public com.pylon.persistence.mybatis.domain.Book com.pylon.controller.BookController.createBook(com.pylon.persistence.mybatis.domain.Book)
2015-04-22 20:57:30.392  INFO 1719 --- [    Test worker] s.w.s.m.m.a.RequestMappingHandlerMapping : Mapped "{[/books/{id}],methods=[PUT],params=[],headers=[],consumes=[],produces=[],custom=[]}" onto public com.pylon.persistence.mybatis.domain.Book com.pylon.controller.BookController.updateBook(java.lang.Long,com.pylon.persistence.mybatis.domain.Book)
2015-04-22 20:57:30.392  INFO 1719 --- [    Test worker] s.w.s.m.m.a.RequestMappingHandlerMapping : Mapped "{[/books/{id}],methods=[DELETE],params=[],headers=[],consumes=[],produces=[],custom=[]}" onto public com.pylon.persistence.mybatis.domain.Book com.pylon.controller.BookController.deleteBook(java.lang.Long)
2015-04-22 20:57:30.393  INFO 1719 --- [    Test worker] s.w.s.m.m.a.RequestMappingHandlerMapping : Mapped "{[/],methods=[GET],params=[],headers=[],consumes=[],produces=[],custom=[]}" onto public java.lang.String com.pylon.controller.DefaultController.welcome()
2015-04-22 20:57:30.400  INFO 1719 --- [    Test worker] s.w.s.m.m.a.RequestMappingHandlerMapping : Mapped "{[/api/v1/operators/session/create],methods=[POST],params=[],headers=[],consumes=[],produces=[],custom=[]}" onto public void com.pylon.controller.operator.session.OperatorSessionController.operatorSignIn(java.lang.String,java.lang.String)
2015-04-22 20:57:30.400  INFO 1719 --- [    Test worker] s.w.s.m.m.a.RequestMappingHandlerMapping : Mapped "{[/api/v1/operators/session/delete],methods=[POST],params=[],headers=[],consumes=[],produces=[],custom=[]}" onto public void com.pylon.controller.operator.session.OperatorSessionController.operatorSignOut()
2015-04-22 20:57:30.404  INFO 1719 --- [    Test worker] s.w.s.m.m.a.RequestMappingHandlerMapping : Mapped "{[/sample/echo/timezone],methods=[GET],params=[],headers=[],consumes=[*/*],produces=[],custom=[]}" onto public java.util.TimeZone com.pylon.controller.sample.SampleController.echoTimeZone(java.util.TimeZone)
2015-04-22 20:57:30.404  INFO 1719 --- [    Test worker] s.w.s.m.m.a.RequestMappingHandlerMapping : Mapped "{[/sample/echo/locale],methods=[GET],params=[],headers=[],consumes=[*/*],produces=[],custom=[]}" onto public java.util.Locale com.pylon.controller.sample.SampleController.echoLocale(java.util.Locale)
2015-04-22 20:57:30.404  INFO 1719 --- [    Test worker] s.w.s.m.m.a.RequestMappingHandlerMapping : Mapped "{[/sample/echo/encoded-password],methods=[GET],params=[],headers=[],consumes=[*/*],produces=[*/*],custom=[]}" onto public java.lang.String com.pylon.controller.sample.SampleController.makePasswordCode(java.lang.String)
2015-04-22 20:57:30.411  INFO 1719 --- [    Test worker] s.w.s.m.m.a.RequestMappingHandlerMapping : Mapped "{[/api-docs],methods=[GET],params=[],headers=[],consumes=[],produces=[],custom=[]}" onto public org.springframework.http.ResponseEntity<com.mangofactory.swagger.models.dto.ResourceListing> com.mangofactory.swagger.controllers.DefaultSwaggerController.getResourceListing(java.lang.String)
2015-04-22 20:57:30.411  INFO 1719 --- [    Test worker] s.w.s.m.m.a.RequestMappingHandlerMapping : Mapped "{[/api-docs/{swaggerGroup}/{apiDeclaration}],methods=[GET],params=[],headers=[],consumes=[],produces=[],custom=[]}" onto public org.springframework.http.ResponseEntity<com.mangofactory.swagger.models.dto.ApiListing> com.mangofactory.swagger.controllers.DefaultSwaggerController.getApiListing(java.lang.String,java.lang.String)
2015-04-22 20:57:30.420  INFO 1719 --- [    Test worker] s.w.s.m.m.a.RequestMappingHandlerMapping : Mapped "{[/error],methods=[],params=[],headers=[],consumes=[],produces=[],custom=[]}" onto public org.springframework.http.ResponseEntity<java.util.Map<java.lang.String, java.lang.Object>> org.springframework.boot.autoconfigure.web.BasicErrorController.error(javax.servlet.http.HttpServletRequest)
2015-04-22 20:57:30.420  INFO 1719 --- [    Test worker] s.w.s.m.m.a.RequestMappingHandlerMapping : Mapped "{[/error],methods=[],params=[],headers=[],consumes=[],produces=[text/html],custom=[]}" onto public org.springframework.web.servlet.ModelAndView org.springframework.boot.autoconfigure.web.BasicErrorController.errorHtml(javax.servlet.http.HttpServletRequest)
2015-04-22 20:57:31.008  INFO 1719 --- [    Test worker] o.s.b.a.e.mvc.EndpointHandlerMapping     : Mapped "{[/health],methods=[],params=[],headers=[],consumes=[],produces=[],custom=[]}" onto public java.lang.Object org.springframework.boot.actuate.endpoint.mvc.HealthMvcEndpoint.invoke(java.security.Principal)
2015-04-22 20:57:31.009  INFO 1719 --- [    Test worker] o.s.b.a.e.mvc.EndpointHandlerMapping     : Mapped "{[/metrics/{name:.*}],methods=[GET],params=[],headers=[],consumes=[],produces=[],custom=[]}" onto public java.lang.Object org.springframework.boot.actuate.endpoint.mvc.MetricsMvcEndpoint.value(java.lang.String)
2015-04-22 20:57:31.009  INFO 1719 --- [    Test worker] o.s.b.a.e.mvc.EndpointHandlerMapping     : Mapped "{[/metrics],methods=[GET],params=[],headers=[],consumes=[],produces=[],custom=[]}" onto public java.lang.Object org.springframework.boot.actuate.endpoint.mvc.EndpointMvcAdapter.invoke()
2015-04-22 20:57:31.009  INFO 1719 --- [    Test worker] o.s.b.a.e.mvc.EndpointHandlerMapping     : Mapped "{[/configprops],methods=[GET],params=[],headers=[],consumes=[],produces=[],custom=[]}" onto public java.lang.Object org.springframework.boot.actuate.endpoint.mvc.EndpointMvcAdapter.invoke()
2015-04-22 20:57:31.009  INFO 1719 --- [    Test worker] o.s.b.a.e.mvc.EndpointHandlerMapping     : Mapped "{[/trace],methods=[GET],params=[],headers=[],consumes=[],produces=[],custom=[]}" onto public java.lang.Object org.springframework.boot.actuate.endpoint.mvc.EndpointMvcAdapter.invoke()
2015-04-22 20:57:31.010  INFO 1719 --- [    Test worker] o.s.b.a.e.mvc.EndpointHandlerMapping     : Mapped "{[/info],methods=[GET],params=[],headers=[],consumes=[],produces=[],custom=[]}" onto public java.lang.Object org.springframework.boot.actuate.endpoint.mvc.EndpointMvcAdapter.invoke()
2015-04-22 20:57:31.010  INFO 1719 --- [    Test worker] o.s.b.a.e.mvc.EndpointHandlerMapping     : Mapped "{[/shutdown],methods=[POST],params=[],headers=[],consumes=[],produces=[],custom=[]}" onto public java.lang.Object org.springframework.boot.actuate.endpoint.mvc.ShutdownMvcEndpoint.invoke()
2015-04-22 20:57:31.010  INFO 1719 --- [    Test worker] o.s.b.a.e.mvc.EndpointHandlerMapping     : Mapped "{[/autoconfig],methods=[GET],params=[],headers=[],consumes=[],produces=[],custom=[]}" onto public java.lang.Object org.springframework.boot.actuate.endpoint.mvc.EndpointMvcAdapter.invoke()
2015-04-22 20:57:31.010  INFO 1719 --- [    Test worker] o.s.b.a.e.mvc.EndpointHandlerMapping     : Mapped "{[/dump],methods=[GET],params=[],headers=[],consumes=[],produces=[],custom=[]}" onto public java.lang.Object org.springframework.boot.actuate.endpoint.mvc.EndpointMvcAdapter.invoke()
2015-04-22 20:57:31.011  INFO 1719 --- [    Test worker] o.s.b.a.e.mvc.EndpointHandlerMapping     : Mapped "{[/env/{name:.*}],methods=[GET],params=[],headers=[],consumes=[],produces=[],custom=[]}" onto public java.lang.Object org.springframework.boot.actuate.endpoint.mvc.EnvironmentMvcEndpoint.value(java.lang.String)
2015-04-22 20:57:31.011  INFO 1719 --- [    Test worker] o.s.b.a.e.mvc.EndpointHandlerMapping     : Mapped "{[/env],methods=[GET],params=[],headers=[],consumes=[],produces=[],custom=[]}" onto public java.lang.Object org.springframework.boot.actuate.endpoint.mvc.EndpointMvcAdapter.invoke()
2015-04-22 20:57:31.011  INFO 1719 --- [    Test worker] o.s.b.a.e.mvc.EndpointHandlerMapping     : Mapped "{[/beans],methods=[GET],params=[],headers=[],consumes=[],produces=[],custom=[]}" onto public java.lang.Object org.springframework.boot.actuate.endpoint.mvc.EndpointMvcAdapter.invoke()
2015-04-22 20:57:31.011  INFO 1719 --- [    Test worker] o.s.b.a.e.mvc.EndpointHandlerMapping     : Mapped "{[/mappings],methods=[GET],params=[],headers=[],consumes=[],produces=[],custom=[]}" onto public java.lang.Object org.springframework.boot.actuate.endpoint.mvc.EndpointMvcAdapter.invoke()
2015-04-22 20:57:31.159  INFO 1719 --- [    Test worker] o.s.w.s.handler.SimpleUrlHandlerMapping  : Mapped URL path [/**] onto handler of type [class org.springframework.web.servlet.resource.DefaultServletHttpRequestHandler]
2015-04-22 20:57:31.372  INFO 1719 --- [    Test worker] o.s.oxm.jaxb.Jaxb2Marshaller             : Creating JAXBContext by scanning packages [com.pylon,org.springframework.hateoas]
2015-04-22 20:57:31.514  INFO 1719 --- [    Test worker] s.w.s.m.m.a.RequestMappingHandlerAdapter : Looking for @ControllerAdvice: org.springframework.web.context.support.GenericWebApplicationContext@7b2fe415: startup date [Wed Apr 22 20:57:27 KST 2015]; root of context hierarchy
2015-04-22 20:57:31.564  INFO 1719 --- [    Test worker] .m.m.a.ExceptionHandlerExceptionResolver : Detected @ExceptionHandler methods in restResponseEntityExceptionHandler
2015-04-22 20:57:31.805  INFO 1719 --- [    Test worker] o.s.s.web.DefaultSecurityFilterChain     : Creating filter chain: Ant [pattern='/css/**'], []
2015-04-22 20:57:31.805  INFO 1719 --- [    Test worker] o.s.s.web.DefaultSecurityFilterChain     : Creating filter chain: Ant [pattern='/js/**'], []
2015-04-22 20:57:31.805  INFO 1719 --- [    Test worker] o.s.s.web.DefaultSecurityFilterChain     : Creating filter chain: Ant [pattern='/images/**'], []
2015-04-22 20:57:31.805  INFO 1719 --- [    Test worker] o.s.s.web.DefaultSecurityFilterChain     : Creating filter chain: Ant [pattern='/**/favicon.ico'], []
2015-04-22 20:57:31.805  INFO 1719 --- [    Test worker] o.s.s.web.DefaultSecurityFilterChain     : Creating filter chain: Ant [pattern='/error'], []
2015-04-22 20:57:31.852  INFO 1719 --- [    Test worker] o.s.s.web.DefaultSecurityFilterChain     : Creating filter chain: org.springframework.security.web.util.matcher.AnyRequestMatcher@1, [org.springframework.security.web.context.request.async.WebAsyncManagerIntegrationFilter@1038dcad, org.springframework.security.web.context.SecurityContextPersistenceFilter@7f028f08, org.springframework.security.web.header.HeaderWriterFilter@7776676a, org.springframework.security.web.csrf.CsrfFilter@6ac9a093, org.springframework.security.web.authentication.logout.LogoutFilter@37b211c2, org.springframework.security.web.authentication.UsernamePasswordAuthenticationFilter@7195de9a, org.springframework.security.web.authentication.ui.DefaultLoginPageGeneratingFilter@5f37f5c0, org.springframework.security.web.authentication.www.BasicAuthenticationFilter@2f828d24, org.springframework.security.web.savedrequest.RequestCacheAwareFilter@47355b2c, org.springframework.security.web.servletapi.SecurityContextHolderAwareRequestFilter@2008a5d0, org.springframework.security.web.authentication.AnonymousAuthenticationFilter@51fea2d, org.springframework.security.web.session.SessionManagementFilter@6c381cae, org.springframework.security.web.access.ExceptionTranslationFilter@c75f2bf, org.springframework.security.web.access.intercept.FilterSecurityInterceptor@64b29b88]
2015-04-22 20:57:31.859  INFO 1719 --- [    Test worker] o.s.s.web.DefaultSecurityFilterChain     : Creating filter chain: OrRequestMatcher [requestMatchers=[Ant [pattern='/health'], Ant [pattern='/health/**'], Ant [pattern='/health.*'], Ant [pattern='/info'], Ant [pattern='/info/**'], Ant [pattern='/info.*'], Ant [pattern='/configprops'], Ant [pattern='/configprops/**'], Ant [pattern='/configprops.*'], Ant [pattern='/metrics'], Ant [pattern='/metrics/**'], Ant [pattern='/metrics.*'], Ant [pattern='/trace'], Ant [pattern='/trace/**'], Ant [pattern='/trace.*'], Ant [pattern='/autoconfig'], Ant [pattern='/autoconfig/**'], Ant [pattern='/autoconfig.*'], Ant [pattern='/shutdown'], Ant [pattern='/shutdown/**'], Ant [pattern='/shutdown.*'], Ant [pattern='/dump'], Ant [pattern='/dump/**'], Ant [pattern='/dump.*'], Ant [pattern='/beans'], Ant [pattern='/beans/**'], Ant [pattern='/beans.*'], Ant [pattern='/env'], Ant [pattern='/env/**'], Ant [pattern='/env.*'], Ant [pattern='/mappings'], Ant [pattern='/mappings/**'], Ant [pattern='/mappings.*']]], [org.springframework.security.web.context.request.async.WebAsyncManagerIntegrationFilter@1997cc4e, org.springframework.security.web.context.SecurityContextPersistenceFilter@3e3a8cae, org.springframework.security.web.header.HeaderWriterFilter@3d4f2490, org.springframework.security.web.authentication.logout.LogoutFilter@158d5cbe, org.springframework.security.web.authentication.www.BasicAuthenticationFilter@d4e737, org.springframework.security.web.savedrequest.RequestCacheAwareFilter@75ea136c, org.springframework.security.web.servletapi.SecurityContextHolderAwareRequestFilter@5aa153ee, org.springframework.security.web.authentication.AnonymousAuthenticationFilter@3ce62202, org.springframework.security.web.session.SessionManagementFilter@16e98962, org.springframework.security.web.access.ExceptionTranslationFilter@52aa95c6, org.springframework.security.web.access.intercept.FilterSecurityInterceptor@304145d]
2015-04-22 20:57:32.108  INFO 1719 --- [    Test worker] o.s.s.concurrent.ThreadPoolTaskExecutor  : Initializing ExecutorService  'metricsExecutor'
2015-04-22 20:57:32.775  INFO 1719 --- [    Test worker] o.s.c.support.DefaultLifecycleProcessor  : Starting beans in phase 2147483647
2015-04-22 20:57:32.812  INFO 1719 --- [    Test worker] c.m.swagger.plugin.SwaggerPluginAdapter  : Context refreshed
2015-04-22 20:57:32.812  INFO 1719 --- [    Test worker] c.m.swagger.plugin.SwaggerPluginAdapter  : Found custom SwaggerSpringMvcPlugins
2015-04-22 20:57:32.813  INFO 1719 --- [    Test worker] c.m.swagger.plugin.SwaggerPluginAdapter  : initializing plugin bean customImplementation
2015-04-22 20:57:32.820  INFO 1719 --- [    Test worker] c.m.s.s.ApiListingReferenceScanner       : Scanning for api listing references
2015-04-22 20:57:32.821  INFO 1719 --- [    Test worker] c.m.s.core.RequestMappingEvaluator       : RequestMappingInfo did not match any include patterns: | {[/health],methods=[],params=[],headers=[],consumes=[],produces=[],custom=[]}
2015-04-22 20:57:32.822  INFO 1719 --- [    Test worker] s.c.ClassOrApiAnnotationResourceGrouping : Group for method value was metrics-mvc-endpoint
2015-04-22 20:57:32.824  INFO 1719 --- [    Test worker] c.m.s.s.ApiListingReferenceScanner       : Request mapping: value belongs to groups: [[ResourceGroup{groupName='metrics-mvc-endpoint', position=0}]] 
2015-04-22 20:57:32.824  INFO 1719 --- [    Test worker] c.m.s.s.ApiListingReferenceScanner       : Adding resource to group:ResourceGroup{groupName='metrics-mvc-endpoint', position=0} with description:Metrics Mvc Endpoint for handler method:value
2015-04-22 20:57:32.825  INFO 1719 --- [    Test worker] s.c.ClassOrApiAnnotationResourceGrouping : Group for method invoke was metrics-mvc-endpoint
2015-04-22 20:57:32.825  INFO 1719 --- [    Test worker] c.m.s.s.ApiListingReferenceScanner       : Request mapping: invoke belongs to groups: [[ResourceGroup{groupName='metrics-mvc-endpoint', position=0}]] 
2015-04-22 20:57:32.825  INFO 1719 --- [    Test worker] c.m.s.s.ApiListingReferenceScanner       : Adding resource to group:ResourceGroup{groupName='metrics-mvc-endpoint', position=0} with description:Metrics Mvc Endpoint for handler method:invoke
2015-04-22 20:57:32.826  INFO 1719 --- [    Test worker] c.m.s.core.RequestMappingEvaluator       : RequestMappingInfo did not match any include patterns: | {[/configprops],methods=[GET],params=[],headers=[],consumes=[],produces=[],custom=[]}
2015-04-22 20:57:32.826  INFO 1719 --- [    Test worker] c.m.s.core.RequestMappingEvaluator       : RequestMappingInfo did not match any include patterns: | {[/trace],methods=[GET],params=[],headers=[],consumes=[],produces=[],custom=[]}
2015-04-22 20:57:32.826  INFO 1719 --- [    Test worker] c.m.s.core.RequestMappingEvaluator       : RequestMappingInfo did not match any include patterns: | {[/info],methods=[GET],params=[],headers=[],consumes=[],produces=[],custom=[]}
2015-04-22 20:57:32.826  INFO 1719 --- [    Test worker] c.m.s.core.RequestMappingEvaluator       : RequestMappingInfo did not match any include patterns: | {[/shutdown],methods=[POST],params=[],headers=[],consumes=[],produces=[],custom=[]}
2015-04-22 20:57:32.826  INFO 1719 --- [    Test worker] c.m.s.core.RequestMappingEvaluator       : RequestMappingInfo did not match any include patterns: | {[/autoconfig],methods=[GET],params=[],headers=[],consumes=[],produces=[],custom=[]}
2015-04-22 20:57:32.826  INFO 1719 --- [    Test worker] c.m.s.core.RequestMappingEvaluator       : RequestMappingInfo did not match any include patterns: | {[/dump],methods=[GET],params=[],headers=[],consumes=[],produces=[],custom=[]}
2015-04-22 20:57:32.827  INFO 1719 --- [    Test worker] c.m.s.core.RequestMappingEvaluator       : RequestMappingInfo did not match any include patterns: | {[/env/{name:.*}],methods=[GET],params=[],headers=[],consumes=[],produces=[],custom=[]}
2015-04-22 20:57:32.827  INFO 1719 --- [    Test worker] c.m.s.core.RequestMappingEvaluator       : RequestMappingInfo did not match any include patterns: | {[/env],methods=[GET],params=[],headers=[],consumes=[],produces=[],custom=[]}
2015-04-22 20:57:32.827  INFO 1719 --- [    Test worker] c.m.s.core.RequestMappingEvaluator       : RequestMappingInfo did not match any include patterns: | {[/beans],methods=[GET],params=[],headers=[],consumes=[],produces=[],custom=[]}
2015-04-22 20:57:32.827  INFO 1719 --- [    Test worker] c.m.s.core.RequestMappingEvaluator       : RequestMappingInfo did not match any include patterns: | {[/mappings],methods=[GET],params=[],headers=[],consumes=[],produces=[],custom=[]}
2015-04-22 20:57:32.828  INFO 1719 --- [    Test worker] s.c.ClassOrApiAnnotationResourceGrouping : Group for method getBooks was book-controller
2015-04-22 20:57:32.828  INFO 1719 --- [    Test worker] c.m.s.s.ApiListingReferenceScanner       : Request mapping: getBooks belongs to groups: [[ResourceGroup{groupName='book-controller', position=0}]] 
2015-04-22 20:57:32.828  INFO 1719 --- [    Test worker] c.m.s.s.ApiListingReferenceScanner       : Adding resource to group:ResourceGroup{groupName='book-controller', position=0} with description:Book Controller for handler method:getBooks
2015-04-22 20:57:32.829  INFO 1719 --- [    Test worker] s.c.ClassOrApiAnnotationResourceGrouping : Group for method getBook was book-controller
2015-04-22 20:57:32.829  INFO 1719 --- [    Test worker] c.m.s.s.ApiListingReferenceScanner       : Request mapping: getBook belongs to groups: [[ResourceGroup{groupName='book-controller', position=0}]] 
2015-04-22 20:57:32.829  INFO 1719 --- [    Test worker] c.m.s.s.ApiListingReferenceScanner       : Adding resource to group:ResourceGroup{groupName='book-controller', position=0} with description:Book Controller for handler method:getBook
2015-04-22 20:57:32.829  INFO 1719 --- [    Test worker] s.c.ClassOrApiAnnotationResourceGrouping : Group for method createBook was book-controller
2015-04-22 20:57:32.830  INFO 1719 --- [    Test worker] c.m.s.s.ApiListingReferenceScanner       : Request mapping: createBook belongs to groups: [[ResourceGroup{groupName='book-controller', position=0}]] 
2015-04-22 20:57:32.830  INFO 1719 --- [    Test worker] c.m.s.s.ApiListingReferenceScanner       : Adding resource to group:ResourceGroup{groupName='book-controller', position=0} with description:Book Controller for handler method:createBook
2015-04-22 20:57:32.830  INFO 1719 --- [    Test worker] s.c.ClassOrApiAnnotationResourceGrouping : Group for method updateBook was book-controller
2015-04-22 20:57:32.830  INFO 1719 --- [    Test worker] c.m.s.s.ApiListingReferenceScanner       : Request mapping: updateBook belongs to groups: [[ResourceGroup{groupName='book-controller', position=0}]] 
2015-04-22 20:57:32.830  INFO 1719 --- [    Test worker] c.m.s.s.ApiListingReferenceScanner       : Adding resource to group:ResourceGroup{groupName='book-controller', position=0} with description:Book Controller for handler method:updateBook
2015-04-22 20:57:32.831  INFO 1719 --- [    Test worker] s.c.ClassOrApiAnnotationResourceGrouping : Group for method deleteBook was book-controller
2015-04-22 20:57:32.831  INFO 1719 --- [    Test worker] c.m.s.s.ApiListingReferenceScanner       : Request mapping: deleteBook belongs to groups: [[ResourceGroup{groupName='book-controller', position=0}]] 
2015-04-22 20:57:32.831  INFO 1719 --- [    Test worker] c.m.s.s.ApiListingReferenceScanner       : Adding resource to group:ResourceGroup{groupName='book-controller', position=0} with description:Book Controller for handler method:deleteBook
2015-04-22 20:57:32.832  INFO 1719 --- [    Test worker] c.m.s.core.RequestMappingEvaluator       : RequestMappingInfo did not match any include patterns: | {[/],methods=[GET],params=[],headers=[],consumes=[],produces=[],custom=[]}
2015-04-22 20:57:32.832  INFO 1719 --- [    Test worker] c.m.s.core.RequestMappingEvaluator       : RequestMappingInfo did not match any include patterns: | {[/api/v1/operators/session/create],methods=[POST],params=[],headers=[],consumes=[],produces=[],custom=[]}
2015-04-22 20:57:32.832  INFO 1719 --- [    Test worker] c.m.s.core.RequestMappingEvaluator       : RequestMappingInfo did not match any include patterns: | {[/api/v1/operators/session/delete],methods=[POST],params=[],headers=[],consumes=[],produces=[],custom=[]}
2015-04-22 20:57:32.832  INFO 1719 --- [    Test worker] s.c.ClassOrApiAnnotationResourceGrouping : Group for method echoTimeZone was sample
2015-04-22 20:57:32.833  INFO 1719 --- [    Test worker] c.m.s.s.ApiListingReferenceScanner       : Request mapping: echoTimeZone belongs to groups: [[ResourceGroup{groupName='sample', position=0}]] 
2015-04-22 20:57:32.833  INFO 1719 --- [    Test worker] c.m.s.s.ApiListingReferenceScanner       : Adding resource to group:ResourceGroup{groupName='sample', position=0} with description:the products API for handler method:echoTimeZone
2015-04-22 20:57:32.833  INFO 1719 --- [    Test worker] s.c.ClassOrApiAnnotationResourceGrouping : Group for method echoLocale was sample
2015-04-22 20:57:32.834  INFO 1719 --- [    Test worker] c.m.s.s.ApiListingReferenceScanner       : Request mapping: echoLocale belongs to groups: [[ResourceGroup{groupName='sample', position=0}]] 
2015-04-22 20:57:32.834  INFO 1719 --- [    Test worker] c.m.s.s.ApiListingReferenceScanner       : Adding resource to group:ResourceGroup{groupName='sample', position=0} with description:the products API for handler method:echoLocale
2015-04-22 20:57:32.834  INFO 1719 --- [    Test worker] s.c.ClassOrApiAnnotationResourceGrouping : Group for method makePasswordCode was sample
2015-04-22 20:57:32.835  INFO 1719 --- [    Test worker] c.m.s.s.ApiListingReferenceScanner       : Request mapping: makePasswordCode belongs to groups: [[ResourceGroup{groupName='sample', position=0}]] 
2015-04-22 20:57:32.835  INFO 1719 --- [    Test worker] c.m.s.s.ApiListingReferenceScanner       : Adding resource to group:ResourceGroup{groupName='sample', position=0} with description:the products API for handler method:makePasswordCode
2015-04-22 20:57:32.835  INFO 1719 --- [    Test worker] c.m.s.core.RequestMappingEvaluator       : RequestMappingInfo did not match any include patterns: | {[/api-docs],methods=[GET],params=[],headers=[],consumes=[],produces=[],custom=[]}
2015-04-22 20:57:32.835  INFO 1719 --- [    Test worker] c.m.s.core.RequestMappingEvaluator       : RequestMappingInfo did not match any include patterns: | {[/api-docs/{swaggerGroup}/{apiDeclaration}],methods=[GET],params=[],headers=[],consumes=[],produces=[],custom=[]}
2015-04-22 20:57:32.835  INFO 1719 --- [    Test worker] c.m.s.core.RequestMappingEvaluator       : RequestMappingInfo did not match any include patterns: | {[/error],methods=[],params=[],headers=[],consumes=[],produces=[],custom=[]}
2015-04-22 20:57:32.836  INFO 1719 --- [    Test worker] c.m.s.core.RequestMappingEvaluator       : RequestMappingInfo did not match any include patterns: | {[/error],methods=[],params=[],headers=[],consumes=[],produces=[text/html],custom=[]}
2015-04-22 20:57:32.842  INFO 1719 --- [    Test worker] c.m.s.s.ApiListingReferenceScanner       : Created resource listing Path: /default/book-controller Description: book-controller Position: 0
2015-04-22 20:57:32.842  INFO 1719 --- [    Test worker] c.m.s.s.ApiListingReferenceScanner       : Created resource listing Path: /default/metrics-mvc-endpoint Description: metrics-mvc-endpoint Position: 0
2015-04-22 20:57:32.842  INFO 1719 --- [    Test worker] c.m.s.s.ApiListingReferenceScanner       : Created resource listing Path: /default/sample Description: sample Position: 0
2015-04-22 20:57:33.103  INFO 1719 --- [    Test worker] c.m.s.core.SwaggerApiResourceListing     : Added a resource listing with (3) api resources: 
2015-04-22 20:57:33.103  INFO 1719 --- [    Test worker] c.m.s.core.SwaggerApiResourceListing     :   Book Controller at location: /api-docs/default/book-controller
2015-04-22 20:57:33.104  INFO 1719 --- [    Test worker] c.m.s.core.SwaggerApiResourceListing     :   Metrics Mvc Endpoint at location: /api-docs/default/metrics-mvc-endpoint
2015-04-22 20:57:33.104  INFO 1719 --- [    Test worker] c.m.s.core.SwaggerApiResourceListing     :   the products API at location: /api-docs/default/sample
2015-04-22 20:57:33.105  INFO 1719 --- [    Test worker] o.s.boot.SpringApplication               : Started application in 5.705 seconds (JVM running for 6.65)
]]></system-out>
  <system-err><![CDATA[]]></system-err>
</testsuite>
